{"numTotalTestSuites":2,"numPassedTestSuites":0,"numFailedTestSuites":2,"numPendingTestSuites":0,"numTotalTests":129,"numPassedTests":103,"numFailedTests":26,"numPendingTests":0,"numTodoTests":0,"snapshot":{"added":0,"failure":false,"filesAdded":0,"filesRemoved":0,"filesRemovedList":[],"filesUnmatched":0,"filesUpdated":0,"matched":0,"total":0,"unchecked":0,"uncheckedKeysByFile":[],"unmatched":0,"updated":0,"didUpdate":false},"startTime":1778039394493,"success":false,"testResults":[{"assertionResults":[{"ancestorTitles":["FileExplorer view modes"],"fullName":"FileExplorer view modes lets the user pick columns from the explorer layout menu","status":"passed","title":"lets the user pick columns from the explorer layout menu","duration":2777.2399000000005,"failureMessages":[],"meta":{},"tags":[]},{"ancestorTitles":["FileExplorer view modes"],"fullName":"FileExplorer view modes does not hardcode customize and layout controls into default explorer chrome","status":"passed","title":"does not hardcode customize and layout controls into default explorer chrome","duration":1208.7637000000004,"failureMessages":[],"meta":{},"tags":[]},{"ancestorTitles":["FileExplorer view modes"],"fullName":"FileExplorer view modes opens customize mode and the layout switcher from command entry points","status":"passed","title":"opens customize mode and the layout switcher from command entry points","duration":2178.4568,"failureMessages":[],"meta":{},"tags":[]},{"ancestorTitles":["FileExplorer view modes"],"fullName":"FileExplorer view modes lets the user switch explorer layouts from the command switcher","status":"passed","title":"lets the user switch explorer layouts from the command switcher","duration":2344.9777000000013,"failureMessages":[],"meta":{},"tags":[]},{"ancestorTitles":["FileExplorer view modes"],"fullName":"FileExplorer view modes keeps the search focus control anchored in the primary toolbar zone in focus mode","status":"passed","title":"keeps the search focus control anchored in the primary toolbar zone in focus mode","duration":1355.9943999999996,"failureMessages":[],"meta":{},"tags":[]},{"ancestorTitles":["FileExplorer view modes"],"fullName":"FileExplorer view modes can close the sources rail in inspector mode and reopen it without leaving that mode","status":"passed","title":"can close the sources rail in inspector mode and reopen it without leaving that mode","duration":3289.4163999999982,"failureMessages":[],"meta":{},"tags":[]},{"ancestorTitles":["FileExplorer view modes"],"fullName":"FileExplorer view modes keeps shell layout as an optional catalog control instead of default chrome","status":"passed","title":"keeps shell layout as an optional catalog control instead of default chrome","duration":1976.4759999999987,"failureMessages":[],"meta":{},"tags":[]},{"ancestorTitles":["FileExplorer view modes"],"fullName":"FileExplorer view modes browses scoped runtime commands in the action library and runs folder actions against the current cwd","status":"passed","title":"browses scoped runtime commands in the action library and runs folder actions against the current cwd","duration":1607.4910999999993,"failureMessages":[],"meta":{},"tags":[]},{"ancestorTitles":["FileExplorer view modes"],"fullName":"FileExplorer view modes resets layout customization to canonical from the menu","status":"passed","title":"resets layout customization to canonical from the menu","duration":1450.0755000000026,"failureMessages":[],"meta":{},"tags":[]},{"ancestorTitles":["FileExplorer view modes"],"fullName":"FileExplorer view modes opens the explorer layout switcher as a popup instead of a fixed utility strip","status":"passed","title":"opens the explorer layout switcher as a popup instead of a fixed utility strip","duration":1037.2799999999988,"failureMessages":[],"meta":{},"tags":[]},{"ancestorTitles":["FileExplorer view modes"],"fullName":"FileExplorer view modes shows a portal drag overlay when an authored action is dragged before hovering a target","status":"passed","title":"shows a portal drag overlay when an authored action is dragged before hovering a target","duration":2776.2498000000014,"failureMessages":[],"meta":{},"tags":[]},{"ancestorTitles":["FileExplorer view modes"],"fullName":"FileExplorer view modes drags authored actions into chrome and persists through chromeLayoutOverridesByThemeId","status":"passed","title":"drags authored actions into chrome and persists through chromeLayoutOverridesByThemeId","duration":2921.8552999999993,"failureMessages":[],"meta":{},"tags":[]},{"ancestorTitles":["FileExplorer view modes"],"fullName":"FileExplorer view modes moves toolbar controls when the active theme changes the default mode profile","status":"passed","title":"moves toolbar controls when the active theme changes the default mode profile","duration":418.95070000000123,"failureMessages":[],"meta":{},"tags":[]},{"ancestorTitles":["FileExplorer view modes"],"fullName":"FileExplorer view modes can render global controls on the explorer topbar surface","status":"passed","title":"can render global controls on the explorer topbar surface","duration":378.6499999999978,"failureMessages":[],"meta":{},"tags":[]},{"ancestorTitles":["FileExplorer view modes"],"fullName":"FileExplorer view modes reads customize saves from the same chrome override lane the explorer writes","status":"passed","title":"reads customize saves from the same chrome override lane the explorer writes","duration":397.5394000000015,"failureMessages":[],"meta":{},"tags":[]},{"ancestorTitles":["FileExplorer view modes"],"fullName":"FileExplorer view modes commits the active chrome customize draft when the live customize toggle exits the mode","status":"passed","title":"commits the active chrome customize draft when the live customize toggle exits the mode","duration":951.5657000000028,"failureMessages":[],"meta":{},"tags":[]},{"ancestorTitles":["FileExplorer view modes"],"fullName":"FileExplorer view modes keeps the status bar representative during explorer customize mode","status":"passed","title":"keeps the status bar representative during explorer customize mode","duration":670.510000000002,"failureMessages":[],"meta":{},"tags":[]},{"ancestorTitles":["FileExplorer view modes"],"fullName":"FileExplorer view modes commits the active chrome customize draft when Done closes the actions pane","status":"passed","title":"commits the active chrome customize draft when Done closes the actions pane","duration":2096.180499999995,"failureMessages":[],"meta":{},"tags":[]},{"ancestorTitles":["FileExplorer view modes"],"fullName":"FileExplorer view modes honors the preview toggle before opening previewable files","status":"failed","title":"honors the preview toggle before opening previewable files","duration":1092.4219999999987,"failureMessages":["TestingLibraryElementError: Found multiple elements with the role \"button\" and name `/^preview$/i`\n\nHere are the matching elements:\n\nIgnored nodes: comments, script, style\n\u001b[36m<button\u001b[39m\n  \u001b[33maria-pressed\u001b[39m=\u001b[32m\"true\"\u001b[39m\n  \u001b[33mstyle\u001b[39m=\u001b[32m\"display: flex; align-items: center; gap: 6px; background: var(--overlay-explorer-chip-active-bg); border: 1px solid var(--overlay-explorer-chip-active-border); cursor: pointer; color: var(--overlay-explorer-chip-active-text); padding: 4px 8px; border-radius: var(--overlay-explorer-control-radius); font-size: 10px; font-weight: 700; letter-spacing: 0.08em; text-transform: uppercase; opacity: 1; min-height: 30px;\"\u001b[39m\n  \u001b[33mtitle\u001b[39m=\u001b[32m\"Turn off inline preview for previewable files\"\u001b[39m\n  \u001b[33mtype\u001b[39m=\u001b[32m\"button\"\u001b[39m\n\u001b[36m>\u001b[39m\n  \u001b[36m<svg\u001b[39m\n    \u001b[33maria-hidden\u001b[39m=\u001b[32m\"true\"\u001b[39m\n    \u001b[33mclass\u001b[39m=\u001b[32m\"lucide lucide-eye\"\u001b[39m\n    \u001b[33mfill\u001b[39m=\u001b[32m\"none\"\u001b[39m\n    \u001b[33mheight\u001b[39m=\u001b[32m\"12\"\u001b[39m\n    \u001b[33mstroke\u001b[39m=\u001b[32m\"currentColor\"\u001b[39m\n    \u001b[33mstroke-linecap\u001b[39m=\u001b[32m\"round\"\u001b[39m\n    \u001b[33mstroke-linejoin\u001b[39m=\u001b[32m\"round\"\u001b[39m\n    \u001b[33mstroke-width\u001b[39m=\u001b[32m\"2\"\u001b[39m\n    \u001b[33mviewBox\u001b[39m=\u001b[32m\"0 0 24 24\"\u001b[39m\n    \u001b[33mwidth\u001b[39m=\u001b[32m\"12\"\u001b[39m\n    \u001b[33mxmlns\u001b[39m=\u001b[32m\"http://www.w3.org/2000/svg\"\u001b[39m\n  \u001b[36m>\u001b[39m\n    \u001b[36m<path\u001b[39m\n      \u001b[33md\u001b[39m=\u001b[32m\"M2.062 12.348a1 1 0 0 1 0-.696 10.75 10.75 0 0 1 19.876 0 1 1 0 0 1 0 .696 10.75 10.75 0 0 1-19.876 0\"\u001b[39m\n    \u001b[36m/>\u001b[39m\n    \u001b[36m<circle\u001b[39m\n      \u001b[33mcx\u001b[39m=\u001b[32m\"12\"\u001b[39m\n      \u001b[33mcy\u001b[39m=\u001b[32m\"12\"\u001b[39m\n      \u001b[33mr\u001b[39m=\u001b[32m\"3\"\u001b[39m\n    \u001b[36m/>\u001b[39m\n  \u001b[36m</svg>\u001b[39m\n  \u001b[0mPreview\u001b[0m\n\u001b[36m</button>\u001b[39m\n\nIgnored nodes: comments, script, style\n\u001b[36m<button\u001b[39m\n  \u001b[33maria-label\u001b[39m=\u001b[32m\"Preview\"\u001b[39m\n  \u001b[33maria-pressed\u001b[39m=\u001b[32m\"true\"\u001b[39m\n  \u001b[33mdata-interaction-motion-enabled\u001b[39m=\u001b[32m\"true\"\u001b[39m\n  \u001b[33mdata-interaction-motion-module\u001b[39m=\u001b[32m\"shellChrome\"\u001b[39m\n  \u001b[33mdata-interaction-motion-preset\u001b[39m=\u001b[32m\"subtle\"\u001b[39m\n  \u001b[33mdata-interaction-motion-surface\u001b[39m=\u001b[32m\"explorerRailItem\"\u001b[39m\n  \u001b[33mdata-overlay-explorer-activity-lane\u001b[39m=\u001b[32m\"preview\"\u001b[39m\n  \u001b[33mdata-overlay-explorer-activity-lane-active\u001b[39m=\u001b[32m\"true\"\u001b[39m\n  \u001b[33mdata-overlay-explorer-activity-lane-dragging\u001b[39m=\u001b[32m\"false\"\u001b[39m\n  \u001b[33mdraggable\u001b[39m=\u001b[32m\"true\"\u001b[39m\n  \u001b[33mstyle\u001b[39m=\u001b[32m\"width: 32px; height: 32px; border: 1px solid rgb(99, 102, 241); border-radius: var(--overlay-explorer-control-radius); background: color-mix(in srgb, rgb(99, 102, 241) 22%, transparent); color: var(--overlay-text-primary); display: inline-flex; align-items: center; justify-content: center; cursor: pointer; padding: 0px; position: relative; opacity: 1; box-shadow: 0 0 0 1px color-mix(in srgb, #6366f1 18%, transparent), 0 12px 28px color-mix(in srgb, #6366f1 20%, transparent); outline: none; transform: translate3d(1.000px, 0.000px, 0); filter: brightness(1.030); transition: background 150ms ease, border-color 150ms ease, box-shadow 150ms ease, color 150ms ease, opacity 150ms ease, transform 170ms cubic-bezier(0.22, 1, 0.36, 1), filter 170ms cubic-bezier(0.22, 1, 0.36, 1); will-change: transform, filter;\"\u001b[39m\n  \u001b[33mtitle\u001b[39m=\u001b[32m\"Preview\"\u001b[39m\n  \u001b[33mtype\u001b[39m=\u001b[32m\"button\"\u001b[39m\n\u001b[36m>\u001b[39m\n  \u001b[36m<span\u001b[39m\n    \u001b[33maria-hidden\u001b[39m=\u001b[32m\"true\"\u001b[39m\n    \u001b[33mstyle\u001b[39m=\u001b[32m\"position: absolute; right: -6px; top: 7px; bottom: 7px; width: 2px; border-radius: 999px; background: rgb(99, 102, 241); opacity: 1; box-shadow: 0 0 12px #6366f1; transition: opacity 150ms ease, box-shadow 150ms ease, transform 150ms ease; transform: scaleY(1);\"\u001b[39m\n  \u001b[36m/>\u001b[39m\n  \u001b[36m<svg\u001b[39m\n    \u001b[33maria-hidden\u001b[39m=\u001b[32m\"true\"\u001b[39m\n    \u001b[33mclass\u001b[39m=\u001b[32m\"lucide lucide-eye\"\u001b[39m\n    \u001b[33mfill\u001b[39m=\u001b[32m\"none\"\u001b[39m\n    \u001b[33mheight\u001b[39m=\u001b[32m\"16\"\u001b[39m\n    \u001b[33mstroke\u001b[39m=\u001b[32m\"currentColor\"\u001b[39m\n    \u001b[33mstroke-linecap\u001b[39m=\u001b[32m\"round\"\u001b[39m\n    \u001b[33mstroke-linejoin\u001b[39m=\u001b[32m\"round\"\u001b[39m\n    \u001b[33mstroke-width\u001b[39m=\u001b[32m\"2\"\u001b[39m\n    \u001b[33mstyle\u001b[39m=\u001b[32m\"color: var(--overlay-text-primary); filter: drop-shadow(0 1px 6px rgba(255,255,255,0.12));\"\u001b[39m\n    \u001b[33mviewBox\u001b[39m=\u001b[32m\"0 0 24 24\"\u001b[39m\n    \u001b[33mwidth\u001b[39m=\u001b[32m\"16\"\u001b[39m\n    \u001b[33mxmlns\u001b[39m=\u001b[32m\"http://www.w3.org/2000/svg\"\u001b[39m\n  \u001b[36m>\u001b[39m\n    \u001b[36m<path\u001b[39m\n      \u001b[33md\u001b[39m=\u001b[32m\"M2.062 12.348a1 1 0 0 1 0-.696 10.75 10.75 0 0 1 19.876 0 1 1 0 0 1 0 .696 10.75 10.75 0 0 1-19.876 0\"\u001b[39m\n    \u001b[36m/>\u001b[39m\n    \u001b[36m<circle\u001b[39m\n      \u001b[33mcx\u001b[39m=\u001b[32m\"12\"\u001b[39m\n      \u001b[33mcy\u001b[39m=\u001b[32m\"12\"\u001b[39m\n      \u001b[33mr\u001b[39m=\u001b[32m\"3\"\u001b[39m\n    \u001b[36m/>\u001b[39m\n  \u001b[36m</svg>\u001b[39m\n\u001b[36m</button>\u001b[39m\n\n(If this is intentional, then use the `*AllBy*` variant of the query (like `queryAllByText`, `getAllByText`, or `findAllByText`)).\n\nIgnored nodes: comments, script, style\n\u001b[36m<body\u001b[39m\n  \u001b[33mstyle\u001b[39m=\u001b[32m\"\"\u001b[39m\n\u001b[36m>\u001b[39m\n  \u001b[36m<div>\u001b[39m\n    \u001b[36m<div\u001b[39m\n      \u001b[33mdata-explorer-zoom-scope\u001b[39m=\u001b[32m\"true\"\u001b[39m\n      \u001b[33mdata-overlay-explorer\u001b[39m=\u001b[32m\"true\"\u001b[39m\n      \u001b[33mdata-overlay-explorer-drop-root-path\u001b[39m=\u001b[32m\"C:\\\\workspace\\\\repo\"\u001b[39m\n      \u001b[33mdata-overlay-explorer-drop-scope-id\u001b[39m=\u001b[32m\"explorer-drop-primary\"\u001b[39m\n      \u001b[33mdata-overlay-explorer-drop-surface-id\u001b[39m=\u001b[32m\"explorer-drop-primary\"\u001b[39m\n      \u001b[33mdata-overlay-explorer-drop-surface-role\u001b[39m=\u001b[32m\"scope-root\"\u001b[39m\n      \u001b[33mdata-overlay-explorer-experimental-mode\u001b[39m=\u001b[32m\"off\"\u001b[39m\n      \u001b[33mdata-overlay-explorer-view-mode\u001b[39m=\u001b[32m\"icons-m\"\u001b[39m\n      \u001b[33mstyle\u001b[39m=\u001b[32m\"--overlay-explorer-root-bg: var(--overlay-bg-shell); --overlay-explorer-content-bg: transparent; --overlay-explorer-sidebar-bg: var(--overlay-bg-sidebar); --overlay-explorer-sidebar-border: var(--overlay-border); --overlay-explorer-toolbar-bg: var(--overlay-bg-panel); --overlay-explorer-toolbar-border: var(--overlay-border); --overlay-explorer-toolbar-shadow: none; --overlay-explorer-omnibox-bg: var(--overlay-bg-input); --overlay-explorer-omnibox-border: var(--overlay-border-strong); --overlay-explorer-preview-bg: var(--overlay-bg-panel); --overlay-explorer-preview-header-bg: var(--overlay-bg-sidebar); --overlay-explorer-preview-border: var(--overlay-border); --overlay-explorer-status-bg: var(--overlay-bg-sidebar); --overlay-explorer-status-border: var(--overlay-border); --overlay-explorer-item-hover-bg: color-mix(in srgb, var(--overlay-text-primary) 4%, transparent); --overlay-explorer-item-hover-border: color-mix(in srgb, var(--overlay-border-strong) 80%, transparent); --overlay-explorer-item-selected-bg: var(--overlay-bg-selection); --overlay-explorer-item-selected-border: color-mix(in srgb, var(--overlay-accent) 28%, var(--overlay-border-strong)); --overlay-explorer-item-drop-bg: color-mix(in srgb, var(--overlay-accent) 10%, transparent); --overlay-explorer-item-drop-border: var(--overlay-border-strong); --overlay-explorer-item-focus-shadow: none; --overlay-explorer-input-bg: var(--overlay-bg-input); --overlay-explorer-input-border: var(--overlay-border-strong); --overlay-explorer-chip-bg: transparent; --overlay-explorer-chip-border: var(--overlay-border); --overlay-explorer-chip-active-bg: var(--overlay-bg-selection); --overlay-explorer-chip-active-border: color-mix(in srgb, var(--overlay-accent) 24%, var(--overlay-border-strong)); --overlay-explorer-chip-active-text: var(--overlay-text-primary); --overlay-explorer-toolbar-gap: 6px; --overlay-explorer-toolbar-padding: 6px 10px; --overlay-explorer-control-radius: 8px; --overlay-explorer-panel-radius: 10px; --overlay-explorer-chrome-inset: 0px; --overlay-explorer-hover-lift: 0px; --overlay-explorer-rail-width: 264px; --overlay-explorer-preview-width: 360px; --overlay-explorer-toolbar-font-size: 11px; --overlay-explorer-breadcrumb-font-size: 11px; --overlay-explorer-entry-title-size: 11px; --overlay-explorer-entry-meta-size: 10px; --overlay-explorer-status-font-size: 10px; --overlay-explorer-rail-eyebrow-size: 10px; --overlay-explorer-rail-title-size: 14px; --overlay-explorer-entry-title-weight: 500; --overlay-explorer-label-spacing: 0.04em; --overlay-explorer-modal-scrim: var(--overlay-bg-scrim); --overlay-explorer-modal-surface: var(--overlay-bg-panel); --overlay-explorer-modal-shadow: var(--overlay-shadow); --overlay-explorer-modal-border: var(--overlay-explorer-popup-border-width) solid var(--overlay-explorer-popup-border); --overlay-explorer-code-bg: var(--overlay-bg-terminal); --overlay-explorer-drag-preview-bg: var(--overlay-bg-card); --overlay-explorer-drag-preview-border: var(--overlay-border); --overlay-explorer-drag-preview-dot: var(--overlay-accent); --overlay-explorer-danger-soft-bg: color-mix(in srgb, var(--overlay-danger) 14%, transparent); --overlay-explorer-danger-soft-border: color-mix(in srgb, var(--overlay-danger) 34%, var(--overlay-border)); --overlay-explorer-danger-text: var(--overlay-danger); --overlay-explorer-ctx-menu-shadow: var(--overlay-shadow); --overlay-explorer-popup-border-width: thin; --overlay-explorer-popup-border: var(--overlay-border); --overlay-explorer-popup-bg: var(--overlay-bg-menu); --overlay-explorer-popup-max-height: min(27.5rem, calc(100vh - 1.5rem)); --overlay-explorer-preview-chooser-width: 20rem; --overlay-explorer-view-menu-max-width: min(26.25rem, calc(100vw - 1.5rem)); --overlay-explorer-popup-shadow: var(--overlay-shadow); --overlay-explorer-popup-item-hover-bg: var(--overlay-bg-card-hover); --overlay-explorer-popup-shadow-lg: var(--overlay-shadow); --overlay-explorer-hud-shadow: var(--overlay-shadow); --overlay-explorer-floating-hud-layer: 9996; --overlay-explorer-floating-menu-layer: 9997; --overlay-explorer-floating-context-layer: 9998; flex: 1 1 0%; display: flex; flex-direction: column; background: var(--overlay-explorer-root-bg); color: var(--overlay-text-primary); font-family: system-ui, sans-serif; position: relative; overflow: hidden;\"\u001b[39m\n    \u001b[36m>\u001b[39m\n      \u001b[36m<div\u001b[39m\n        \u001b[33mstyle\u001b[39m=\u001b[32m\"flex: 1 1 0%; display: flex; flex-direction: column; min-height: 0px; min-width: 0px; overflow: hidden;\"\u001b[39m\n      \u001b[36m>\u001b[39m\n        \u001b[36m<div\u001b[39m\n          \u001b[33mstyle\u001b[39m=\u001b[32m\"display: flex; flex-direction: column; min-width: 0px; flex-shrink: 0;\"\u001b[39m\n        \u001b[36m>\u001b[39m\n          \u001b[36m<div\u001b[39m\n            \u001b[33mdata-overlay-explorer-plane\u001b[39m=\u001b[32m\"toolbar\"\u001b[39m\n            \u001b[33mstyle\u001b[39m=\u001b[32m\"display: flex; flex-direction: column; gap: var(--overlay-explorer-toolbar-gap); padding: var(--overlay-explorer-toolbar-padding); background: var(--overlay-explorer-toolbar-bg); border-top-width: 0px; border-right-width: 0px; border-left-width: 0px; border-bottom-width: 1px; border-style: solid; border-color: var(--overlay-explorer-toolbar-border); border-radius: 0px; margin: 0px; box-shadow: none; backdrop-filter: none; flex-shrink: 0; isolation: isolate;\"\u001b[39m\n          \u001b[36m>\u001b[39m\n            \u001b[36m<div\u001b[39m\n              \u001b[33mstyle\u001b[39m=\u001b[32m\"display: flex; align-items: flex-start; gap: 8px; min-width: 0px; position: relative;\"\u001b[39m\n            \u001b[36m>\u001b[39m\n              \u001b[36m<div\u001b[39m\n                \u001b[33mstyle\u001b[39m=\u001b[32m\"flex: 1 1 0%; min-width: 0px; display: flex; flex-direction: column;\"\u001b[39m\n              \u001b[36m>\u001b[39m\n                \u001b[36m<div\u001b[39m\n                  \u001b[33mclass\u001b[39m=\u001b[32m\"explorer-chrome-surface\"\u001b[39m\n                  \u001b[33mdata-explorer-customize-surface-id\u001b[39m=\u001b[32m\"explorerToolbar\"\u001b[39m\n                  \u001b[33mdata-overlay-explorer-surface\u001b[39m=\u001b[32m\"explorerToolbar\"\u001b[39m\n                  \u001b[33mstyle\u001b[39m=\u001b[32m\"width: 100%; min-width: 0px; position: relative;\"\u001b[39m\n                \u001b[36m>\u001b[39m\n                  \u001b[36m<div\u001b[39m\n                    \u001b[33mclass\u001b[39m=\u001b[32m\"explorer-chrome-surface__row overlay-scrollbars-none\"\u001b[39m\n                    \u001b[33mdata-explorer-customize-row-id\u001b[39m=\u001b[32m\"primary\"\u001b[39m\n                    \u001b[...\n    at Object.getElementError (D:\\GreebleFS\\node_modules\\@testing-library\\dom\\dist\\config.js:37:19)\n    at getElementError (D:\\GreebleFS\\node_modules\\@testing-library\\dom\\dist\\query-helpers.js:20:35)\n    at getMultipleElementsFoundError (D:\\GreebleFS\\node_modules\\@testing-library\\dom\\dist\\query-helpers.js:23:10)\n    at D:\\GreebleFS\\node_modules\\@testing-library\\dom\\dist\\query-helpers.js:55:13\n    at D:\\GreebleFS\\node_modules\\@testing-library\\dom\\dist\\query-helpers.js:95:19\n    at D:/GreebleFS/src/test/fileExplorer.viewModes.test.tsx:2353:28\n    at file:///D:/GreebleFS/node_modules/@vitest/runner/dist/index.js:1258:20"],"meta":{},"tags":[]},{"ancestorTitles":["FileExplorer view modes"],"fullName":"FileExplorer view modes shows a friendly empty preview state while preview mode is enabled","status":"passed","title":"shows a friendly empty preview state while preview mode is enabled","duration":728.3029999999999,"failureMessages":[],"meta":{},"tags":[]},{"ancestorTitles":["FileExplorer view modes"],"fullName":"FileExplorer view modes opens executable scripts in an editor-first preview with edit left of the run workflow tab","status":"failed","title":"opens executable scripts in an editor-first preview with edit left of the run workflow tab","duration":3923.985099999998,"failureMessages":["Error: Explorer embedded terminal layer not found\n\nIgnored nodes: comments, script, style\n\u001b[36m<html>\u001b[39m\n  \u001b[36m<head />\u001b[39m\n  \u001b[36m<body\u001b[39m\n    \u001b[33mstyle\u001b[39m=\u001b[32m\"\"\u001b[39m\n  \u001b[36m>\u001b[39m\n    \u001b[36m<div>\u001b[39m\n      \u001b[36m<div\u001b[39m\n        \u001b[33mdata-explorer-zoom-scope\u001b[39m=\u001b[32m\"true\"\u001b[39m\n        \u001b[33mdata-overlay-explorer\u001b[39m=\u001b[32m\"true\"\u001b[39m\n        \u001b[33mdata-overlay-explorer-drop-root-path\u001b[39m=\u001b[32m\"C:\\\\workspace\\\\repo\"\u001b[39m\n        \u001b[33mdata-overlay-explorer-drop-scope-id\u001b[39m=\u001b[32m\"explorer-drop-primary\"\u001b[39m\n        \u001b[33mdata-overlay-explorer-drop-surface-id\u001b[39m=\u001b[32m\"explorer-drop-primary\"\u001b[39m\n        \u001b[33mdata-overlay-explorer-drop-surface-role\u001b[39m=\u001b[32m\"scope-root\"\u001b[39m\n        \u001b[33mdata-overlay-explorer-experimental-mode\u001b[39m=\u001b[32m\"off\"\u001b[39m\n        \u001b[33mdata-overlay-explorer-view-mode\u001b[39m=\u001b[32m\"icons-m\"\u001b[39m\n        \u001b[33mstyle\u001b[39m=\u001b[32m\"--overlay-explorer-root-bg: var(--overlay-bg-shell); --overlay-explorer-content-bg: transparent; --overlay-explorer-sidebar-bg: var(--overlay-bg-sidebar); --overlay-explorer-sidebar-border: var(--overlay-border); --overlay-explorer-toolbar-bg: var(--overlay-bg-panel); --overlay-explorer-toolbar-border: var(--overlay-border); --overlay-explorer-toolbar-shadow: none; --overlay-explorer-omnibox-bg: var(--overlay-bg-input); --overlay-explorer-omnibox-border: var(--overlay-border-strong); --overlay-explorer-preview-bg: var(--overlay-bg-panel); --overlay-explorer-preview-header-bg: var(--overlay-bg-sidebar); --overlay-explorer-preview-border: var(--overlay-border); --overlay-explorer-status-bg: var(--overlay-bg-sidebar); --overlay-explorer-status-border: var(--overlay-border); --overlay-explorer-item-hover-bg: color-mix(in srgb, var(--overlay-text-primary) 4%, transparent); --overlay-explorer-item-hover-border: color-mix(in srgb, var(--overlay-border-strong) 80%, transparent); --overlay-explorer-item-selected-bg: var(--overlay-bg-selection); --overlay-explorer-item-selected-border: color-mix(in srgb, var(--overlay-accent) 28%, var(--overlay-border-strong)); --overlay-explorer-item-drop-bg: color-mix(in srgb, var(--overlay-accent) 10%, transparent); --overlay-explorer-item-drop-border: var(--overlay-border-strong); --overlay-explorer-item-focus-shadow: none; --overlay-explorer-input-bg: var(--overlay-bg-input); --overlay-explorer-input-border: var(--overlay-border-strong); --overlay-explorer-chip-bg: transparent; --overlay-explorer-chip-border: var(--overlay-border); --overlay-explorer-chip-active-bg: var(--overlay-bg-selection); --overlay-explorer-chip-active-border: color-mix(in srgb, var(--overlay-accent) 24%, var(--overlay-border-strong)); --overlay-explorer-chip-active-text: var(--overlay-text-primary); --overlay-explorer-toolbar-gap: 6px; --overlay-explorer-toolbar-padding: 6px 10px; --overlay-explorer-control-radius: 8px; --overlay-explorer-panel-radius: 10px; --overlay-explorer-chrome-inset: 0px; --overlay-explorer-hover-lift: 0px; --overlay-explorer-rail-width: 264px; --overlay-explorer-preview-width: 360px; --overlay-explorer-toolbar-font-size: 11px; --overlay-explorer-breadcrumb-font-size: 11px; --overlay-explorer-entry-title-size: 11px; --overlay-explorer-entry-meta-size: 10px; --overlay-explorer-status-font-size: 10px; --overlay-explorer-rail-eyebrow-size: 10px; --overlay-explorer-rail-title-size: 14px; --overlay-explorer-entry-title-weight: 500; --overlay-explorer-label-spacing: 0.04em; --overlay-explorer-modal-scrim: var(--overlay-bg-scrim); --overlay-explorer-modal-surface: var(--overlay-bg-panel); --overlay-explorer-modal-shadow: var(--overlay-shadow); --overlay-explorer-modal-border: var(--overlay-explorer-popup-border-width) solid var(--overlay-explorer-popup-border); --overlay-explorer-code-bg: var(--overlay-bg-terminal); --overlay-explorer-drag-preview-bg: var(--overlay-bg-card); --overlay-explorer-drag-preview-border: var(--overlay-border); --overlay-explorer-drag-preview-dot: var(--overlay-accent); --overlay-explorer-danger-soft-bg: color-mix(in srgb, var(--overlay-danger) 14%, transparent); --overlay-explorer-danger-soft-border: color-mix(in srgb, var(--overlay-danger) 34%, var(--overlay-border)); --overlay-explorer-danger-text: var(--overlay-danger); --overlay-explorer-ctx-menu-shadow: var(--overlay-shadow); --overlay-explorer-popup-border-width: thin; --overlay-explorer-popup-border: var(--overlay-border); --overlay-explorer-popup-bg: var(--overlay-bg-menu); --overlay-explorer-popup-max-height: min(27.5rem, calc(100vh - 1.5rem)); --overlay-explorer-preview-chooser-width: 20rem; --overlay-explorer-view-menu-max-width: min(26.25rem, calc(100vw - 1.5rem)); --overlay-explorer-popup-shadow: var(--overlay-shadow); --overlay-explorer-popup-item-hover-bg: var(--overlay-bg-card-hover); --overlay-explorer-popup-shadow-lg: var(--overlay-shadow); --overlay-explorer-hud-shadow: var(--overlay-shadow); --overlay-explorer-floating-hud-layer: 9996; --overlay-explorer-floating-menu-layer: 9997; --overlay-explorer-floating-context-layer: 9998; flex: 1 1 0%; display: flex; flex-direction: column; background: var(--overlay-explorer-root-bg); color: var(--overlay-text-primary); font-family: system-ui, sans-serif; position: relative; overflow: hidden;\"\u001b[39m\n      \u001b[36m>\u001b[39m\n        \u001b[36m<div\u001b[39m\n          \u001b[33mstyle\u001b[39m=\u001b[32m\"flex: 1 1 0%; display: flex; flex-direction: column; min-height: 0px; min-width: 0px; overflow: hidden;\"\u001b[39m\n        \u001b[36m>\u001b[39m\n          \u001b[36m<div\u001b[39m\n            \u001b[33mstyle\u001b[39m=\u001b[32m\"display: flex; flex-direction: column; min-width: 0px; flex-shrink: 0;\"\u001b[39m\n          \u001b[36m>\u001b[39m\n            \u001b[36m<div\u001b[39m\n              \u001b[33mdata-overlay-explorer-plane\u001b[39m=\u001b[32m\"toolbar\"\u001b[39m\n              \u001b[33mstyle\u001b[39m=\u001b[32m\"display: flex; flex-direction: column; gap: var(--overlay-explorer-toolbar-gap); padding: var(--overlay-explorer-toolbar-padding); background: var(--overlay-explorer-toolbar-bg); border-top-width: 0px; border-right-width: 0px; border-left-width: 0px; border-bottom-width: 1px; border-style: solid; border-color: var(--overlay-explorer-toolbar-border); border-radius: 0px; margin: 0px; box-shadow: none; backdrop-filter: none; flex-shrink: 0; isolation: isolate;\"\u001b[39m\n            \u001b[36m>\u001b[39m\n              \u001b[36m<div\u001b[39m\n                \u001b[33mstyle\u001b[39m=\u001b[32m\"display: flex; align-items: flex-start; gap: 8px; min-width: 0px; position: relative;\"\u001b[39m\n              \u001b[36m>\u001b[39m\n                \u001b[36m<div\u001b[39m\n                  \u001b[33mstyle\u001b[39m=\u001b[32m\"flex: 1 1 0%; min-width: 0px; display: flex; flex-direction: column;\"\u001b[39m\n                \u001b[36m>\u001b[39m\n                  \u001b[36m<div\u001b[39m\n                    \u001b[33mclass\u001b[39m=\u001b[32m\"explorer-chrome-surface\"\u001b[39m\n                    \u001b[33mdata-explorer-customize-surface-id\u001b[39m=\u001b[32m\"explorerToolbar\"\u001b[39m\n                    \u001b[33mdata-overlay-explorer-surface\u001b[39m=\u001b[32m\"explorerToolbar\"\u001b[39m\n                    \u001b[33mstyle\u001b[39m=\u001b[32m\"width: 100%; min-width: 0px; position: relative;\"\u001b[39m\n                  \u001b[36m>\u001b[39m\n                    \u001b[36m<div\u001b[39m\n                      \u001b[33mclass\u001b[39m=\u001b[32m\"explorer-chrome-surface__row overlay-scrollbar...\n    at getExplorerEmbeddedTerminalLayer (D:/GreebleFS/src/test/fileExplorer.viewModes.test.tsx:1117:11)\n    at D:/GreebleFS/src/test/fileExplorer.viewModes.test.tsx:2422:14\n    at runWithExpensiveErrorDiagnosticsDisabled (D:\\GreebleFS\\node_modules\\@testing-library\\dom\\dist\\config.js:47:12)\n    at checkCallback (D:\\GreebleFS\\node_modules\\@testing-library\\dom\\dist\\wait-for.js:124:77)\n    at Timeout.checkRealTimersCallback (D:\\GreebleFS\\node_modules\\@testing-library\\dom\\dist\\wait-for.js:118:16)\n    at listOnTimeout (node:internal/timers:588:17)\n    at processTimers (node:internal/timers:523:7)"],"meta":{},"tags":[]},{"ancestorTitles":["FileExplorer view modes"],"fullName":"FileExplorer view modes opens Python files editor-first with run and runtime wildcard tabs","status":"passed","title":"opens Python files editor-first with run and runtime wildcard tabs","duration":1558.7379999999976,"failureMessages":[],"meta":{},"tags":[]},{"ancestorTitles":["FileExplorer view modes"],"fullName":"FileExplorer view modes runs Python previews through managed and terminal actions from the workbench and hotkeys","status":"passed","title":"runs Python previews through managed and terminal actions from the workbench and hotkeys","duration":5676.442199999998,"failureMessages":[],"meta":{},"tags":[]},{"ancestorTitles":["FileExplorer view modes"],"fullName":"FileExplorer view modes only shows the preview split toggle when a preview is active","status":"passed","title":"only shows the preview split toggle when a preview is active","duration":3370.5311,"failureMessages":[],"meta":{},"tags":[]},{"ancestorTitles":["FileExplorer view modes"],"fullName":"FileExplorer view modes locks the active preview in place while selection keeps moving through the explorer","status":"passed","title":"locks the active preview in place while selection keeps moving through the explorer","duration":1689.1301000000021,"failureMessages":[],"meta":{},"tags":[]},{"ancestorTitles":["FileExplorer view modes"],"fullName":"FileExplorer view modes compacts explorer chrome and suppresses the side preview in multi-pane mode","status":"passed","title":"compacts explorer chrome and suppresses the side preview in multi-pane mode","duration":468.7730999999985,"failureMessages":[],"meta":{},"tags":[]},{"ancestorTitles":["FileExplorer view modes"],"fullName":"FileExplorer view modes keeps the sources rail toggle compact in multi-pane mode","status":"failed","title":"keeps the sources rail toggle compact in multi-pane mode","duration":2928.4477999999945,"failureMessages":["TestingLibraryElementError: Unable to find an accessible element with the role \"button\" and name `/open sources panel/i`\n\nHere are the accessible roles:\n\n  button:\n\n  Name \"Hide sources panel\":\n  \u001b[36m<button\u001b[39m\n    \u001b[33maria-label\u001b[39m=\u001b[32m\"Hide sources panel\"\u001b[39m\n    \u001b[33maria-pressed\u001b[39m=\u001b[32m\"true\"\u001b[39m\n    \u001b[33mdata-overlay-explorer-panel-opener\u001b[39m=\u001b[32m\"sources\"\u001b[39m\n    \u001b[33mstyle\u001b[39m=\u001b[32m\"background: var(--overlay-explorer-chip-active-bg); border: 1px solid var(--overlay-explorer-chip-active-border); cursor: pointer; color: var(--overlay-explorer-chip-active-text); padding: 5px; border-radius: var(--overlay-explorer-control-radius); display: flex; align-items: center; flex-shrink: 0; min-height: 30px;\"\u001b[39m\n    \u001b[33mtitle\u001b[39m=\u001b[32m\"Hide the sources panel\"\u001b[39m\n    \u001b[33mtype\u001b[39m=\u001b[32m\"button\"\u001b[39m\n  \u001b[36m/>\u001b[39m\n\n  Name \"Back\":\n  \u001b[36m<button\u001b[39m\n    \u001b[33mdisabled\u001b[39m=\u001b[32m\"\"\u001b[39m\n    \u001b[33mstyle\u001b[39m=\u001b[32m\"background: var(--overlay-explorer-chip-bg); border: 1px solid transparent; cursor: default; color: var(--overlay-text-dim); padding: 5px; border-radius: var(--overlay-explorer-control-radius); display: flex; align-items: center; flex-shrink: 0; min-height: 30px;\"\u001b[39m\n    \u001b[33mtitle\u001b[39m=\u001b[32m\"Back\"\u001b[39m\n    \u001b[33mtype\u001b[39m=\u001b[32m\"button\"\u001b[39m\n  \u001b[36m/>\u001b[39m\n\n  Name \"Forward\":\n  \u001b[36m<button\u001b[39m\n    \u001b[33mdisabled\u001b[39m=\u001b[32m\"\"\u001b[39m\n    \u001b[33mstyle\u001b[39m=\u001b[32m\"background: var(--overlay-explorer-chip-bg); border: 1px solid transparent; cursor: default; color: var(--overlay-text-dim); padding: 5px; border-radius: var(--overlay-explorer-control-radius); display: flex; align-items: center; flex-shrink: 0; min-height: 30px;\"\u001b[39m\n    \u001b[33mtitle\u001b[39m=\u001b[32m\"Forward\"\u001b[39m\n    \u001b[33mtype\u001b[39m=\u001b[32m\"button\"\u001b[39m\n  \u001b[36m/>\u001b[39m\n\n  Name \"Up\":\n  \u001b[36m<button\u001b[39m\n    \u001b[33mstyle\u001b[39m=\u001b[32m\"background: var(--overlay-explorer-chip-bg); border: 1px solid transparent; cursor: pointer; color: var(--overlay-text-muted); padding: 5px; border-radius: var(--overlay-explorer-control-radius); display: flex; align-items: center; flex-shrink: 0; min-height: 30px;\"\u001b[39m\n    \u001b[33mtitle\u001b[39m=\u001b[32m\"Up\"\u001b[39m\n    \u001b[33mtype\u001b[39m=\u001b[32m\"button\"\u001b[39m\n  \u001b[36m/>\u001b[39m\n\n  Name \"C:\\\":\n  \u001b[36m<button\u001b[39m\n    \u001b[33mdata-overlay-drop-target-path\u001b[39m=\u001b[32m\"C:\\\\\"\u001b[39m\n    \u001b[33mdata-overlay-explorer-drop-scope-id\u001b[39m=\u001b[32m\"explorer-drop-primary\"\u001b[39m\n    \u001b[33mdata-overlay-explorer-drop-surface-id\u001b[39m=\u001b[32m\"explorer-breadcrumb:C:\\\\\"\u001b[39m\n    \u001b[33mdata-overlay-explorer-drop-surface-role\u001b[39m=\u001b[32m\"navigation-target\"\u001b[39m\n    \u001b[33mstyle\u001b[39m=\u001b[32m\"border: medium; cursor: pointer; color: var(--overlay-text-muted); font-size: 10px; font-weight: 400; padding: 3px 8px; border-radius: var(--overlay-explorer-control-radius); position: relative; background: var(--overlay-explorer-chip-bg); white-space: nowrap; flex-shrink: 0; outline: none; transform: none; transition: transform 160ms cubic-bezier(0.22, 1, 0.36, 1), outline-color 160ms ease;\"\u001b[39m\n    \u001b[33mtype\u001b[39m=\u001b[32m\"button\"\u001b[39m\n  \u001b[36m/>\u001b[39m\n\n  Name \"workspace\":\n  \u001b[36m<button\u001b[39m\n    \u001b[33mdata-overlay-drop-target-path\u001b[39m=\u001b[32m\"C:\\\\workspace\"\u001b[39m\n    \u001b[33mdata-overlay-explorer-drop-scope-id\u001b[39m=\u001b[32m\"explorer-drop-primary\"\u001b[39m\n    \u001b[33mdata-overlay-explorer-drop-surface-id\u001b[39m=\u001b[32m\"explorer-breadcrumb:C:\\\\workspace\"\u001b[39m\n    \u001b[33mdata-overlay-explorer-drop-surface-role\u001b[39m=\u001b[32m\"navigation-target\"\u001b[39m\n    \u001b[33mstyle\u001b[39m=\u001b[32m\"border: medium; cursor: pointer; color: var(--overlay-text-muted); font-size: 10px; font-weight: 400; padding: 3px 8px; border-radius: var(--overlay-explorer-control-radius); position: relative; background: var(--overlay-explorer-chip-bg); white-space: nowrap; flex-shrink: 0; outline: none; transform: none; transition: transform 160ms cubic-bezier(0.22, 1, 0.36, 1), outline-color 160ms ease;\"\u001b[39m\n    \u001b[33mtype\u001b[39m=\u001b[32m\"button\"\u001b[39m\n  \u001b[36m/>\u001b[39m\n\n  Name \"repo\":\n  \u001b[36m<button\u001b[39m\n    \u001b[33mdata-overlay-drop-target-path\u001b[39m=\u001b[32m\"C:\\\\workspace\\\\repo\"\u001b[39m\n    \u001b[33mdata-overlay-explorer-drop-scope-id\u001b[39m=\u001b[32m\"explorer-drop-primary\"\u001b[39m\n    \u001b[33mdata-overlay-explorer-drop-surface-id\u001b[39m=\u001b[32m\"explorer-breadcrumb:C:\\\\workspace\\\\repo\"\u001b[39m\n    \u001b[33mdata-overlay-explorer-drop-surface-role\u001b[39m=\u001b[32m\"navigation-target\"\u001b[39m\n    \u001b[33mstyle\u001b[39m=\u001b[32m\"border: medium; cursor: pointer; color: var(--overlay-text-primary); font-size: 10px; font-weight: 600; padding: 3px 8px; border-radius: var(--overlay-explorer-control-radius); position: relative; background: var(--overlay-explorer-chip-active-bg); white-space: nowrap; flex-shrink: 0; outline: none; transform: none; transition: transform 160ms cubic-bezier(0.22, 1, 0.36, 1), outline-color 160ms ease;\"\u001b[39m\n    \u001b[33mtype\u001b[39m=\u001b[32m\"button\"\u001b[39m\n  \u001b[36m/>\u001b[39m\n\n  Name \"Search\":\n  \u001b[36m<button\u001b[39m\n    \u001b[33maria-pressed\u001b[39m=\u001b[32m\"false\"\u001b[39m\n    \u001b[33mstyle\u001b[39m=\u001b[32m\"display: flex; align-items: center; gap: 6px; background: var(--overlay-explorer-chip-bg); border: 1px solid var(--overlay-explorer-chip-border); cursor: pointer; color: var(--overlay-text-muted); padding: 4px 8px; border-radius: var(--overlay-explorer-control-radius); font-size: 10px; font-weight: 700; letter-spacing: 0.08em; text-transform: uppercase; opacity: 1; min-height: 30px;\"\u001b[39m\n    \u001b[33mtitle\u001b[39m=\u001b[32m\"Focus explorer search or path bar\"\u001b[39m\n    \u001b[33mtype\u001b[39m=\u001b[32m\"button\"\u001b[39m\n  \u001b[36m/>\u001b[39m\n\n  Name \"Explorer layout: M Icons\":\n  \u001b[36m<button\u001b[39m\n    \u001b[33maria-expanded\u001b[39m=\u001b[32m\"false\"\u001b[39m\n    \u001b[33maria-haspopup\u001b[39m=\u001b[32m\"menu\"\u001b[39m\n    \u001b[33maria-label\u001b[39m=\u001b[32m\"Explorer layout: M Icons\"\u001b[39m\n    \u001b[33mstyle\u001b[39m=\u001b[32m\"display: flex; align-items: center; gap: 6px; background: var(--overlay-explorer-chip-bg); border: 1px solid var(--overlay-explorer-chip-border); cursor: pointer; color: var(--overlay-text-muted); padding: 4px 8px; border-radius: var(--overlay-explorer-control-radius); font-size: 10px; font-weight: 700; letter-spacing: 0.08em; text-transform: uppercase; opacity: 1; min-height: 30px;\"\u001b[39m\n    \u001b[33mtitle\u001b[39m=\u001b[32m\"Explorer layout: M Icons\"\u001b[39m\n    \u001b[33mtype\u001b[39m=\u001b[32m\"button\"\u001b[39m\n  \u001b[36m/>\u001b[39m\n\n  Name \"Open actions pane\":\n  \u001b[36m<button\u001b[39m\n    \u001b[33maria-label\u001b[39m=\u001b[32m\"Open actions pane\"\u001b[39m\n    \u001b[33maria-pressed\u001b[39m=\u001b[32m\"false\"\u001b[39m\n    \u001b[33mdata-overlay-explorer-panel-opener\u001b[39m=\u001b[32m\"actions\"\u001b[39m\n    \u001b[33mstyle\u001b[39m=\u001b[32m\"display: flex; align-items: center; gap: 6px; background: var(--overlay-explorer-chip-bg); border: 1px solid var(--overlay-explorer-chip-border); cursor: pointer; color: var(--overlay-text-muted); padding: 4px 8px; border-radius: var(--overlay-explorer-control-radius); font-size: 10px; font-weight: 700; letter-spacing: 0.08em; text-transform: uppercase; opacity: 1; min-height: 30px;\"\u001b[39m\n    \u001b[33mtitle\u001b[39m=\u001b[32m\"Open the actions pane\"\u001b[39m\n    \u001b[33mtype\u001b[39m=\u001b[32m\"button\"\u001b[39m\n  \u001b[36m/>\u001b[39m\n\n  Name \"Enter selection mode\":\n  \u001b[36m<button\u001b[39m\n    \u001b[33maria-label\u001b[39m=\u001b[32m\"Enter selection mode\"\u001b[39m\n    \u001b[33maria-pressed\u001b[39m=\u001b[32m\"false\"\u001b[39m\n    \u001b[33mstyle\u001b[39m=\u001b[32m\"display: flex; align-items: center; gap: 6px; background: var(--overlay-explorer-chip-bg); border: 1px solid var(--overlay-explorer-chip-border); cursor: pointer; color: var(--overlay-text-muted); padding: 4px 8px; border-radius: var(--overlay-explorer-control-radius); font-size: 10px; font-weight: 700; letter-spacing: 0.08em; text-transform: uppercase; opacity: 1; min-height: 30px;\"\u001b[39m\n    \u001b[33mtitle\u001b[39m=\u001b[32m\"Selection mode is inactive. Press Ctrl+C with nothing selected to start a Dolphin-style selection pass.\"\u001b[39m\n    \u001b[33mtype\u001b[39m=\u001b[32m\"button\"\u001b[39m\n  \u001b[36m/>\u001b[39m\n\n  Name \"Toggle hidden files\":\n  \u001b[36m<button\u001b[39m\n    \u001b[33mstyle\u001b[39m=\u001b[32m\"background: var(--overlay-explorer-chip-active-bg); border: 1px solid transparent; cursor: pointer; color: var(--overlay-explorer-chip-active-text); padding: 5px; border-radius: var(--overlay-explorer-control-radius); display: flex; align-items: center; flex-shrink: 0; min-height: 30px;\"\u001b[39m\n    \u001b[33mtitle\u001b[39m=\u001b[32m\"Toggle hidden files\"\u001b[39m\n    \u001b[33mtype\u001b[39m=\u001b[32m\"button\"\u001b[39m\n  \u001b[36m/>\u001b[39m\n\n  Name \"Refresh (F5)\":\n  \u001b[36m<button\u001b[39m\n    \u001b[33mstyle\u001b[39m=\u001b[32m\"background: var(--overlay-explorer-chip-bg); border: 1px solid transparent; cursor: pointer; color: var(--overlay-text-muted); padding: 5px; border-radius: var(--overlay-explorer-control-radius); display: flex; align-items: center; flex-shrink: 0; min-height: 30px;\"\u001b[39m\n    \u001b[33mtitle\u001b[39m=\u001b[32m\"Refresh (F5)\"\u001b[39m\n    \u001b[33mtype\u001b[39m=\u001b[32m\"button\"\u001b[39m\n  \u001b[36m/>\u001b[39m\n\n  Name \"TXTContent\":\n  \u001b[36m<button\u001b[39m\n    \u001b[33mstyle\u001b[39m=\u001b[32m\"display: flex; align-items: center; gap: 4px; background: var(--overlay-explorer-chip-active-bg); border: 1px solid var(--overlay-explorer-chip-active-border); cursor: pointer; color: var(--overlay-explorer-chip-active-text); padding: 4px 8px; border-radius: var(--overlay-explorer-control-radius); font-size: var(--overlay-explorer-toolbar-font-size); font-weight: 700; letter-spacing: 0.08em; text-transform: uppercase; opacity: 1; min-height: 30px;\"\u001b[39m\n    \u001b[33mtitle\u001b[39m=\u001b[32m\"Content: Recursive text search across file names and file contents.\"\u001b[39m\n    \u001b[33mtype\u001b[39m=\u001b[32m\"button\"\u001b[39m\n  \u001b[36m/>\u001b[39m\n\n  Name \"Save Search\":\n  \u001b[36m<button\u001b[39m\n    \u001b[33mdisabled\u001b[39m=\u001b[32m\"\"\u001b[39m\n    \u001b[33mstyle\u001b[39m=\u001b[32m\"display: flex; align-items: center; gap: 6px; background: var(--overlay-explorer-chip-bg); border: 1px solid var(--overlay-explorer-chip-border); cursor: default; color: var(--overlay-text-dim); padding: 4px 8px; border-radius: var(--overlay-explorer-control-radius); font-size: 10px; font-weight: 700; opacity: 0.55; flex-shrink: 0; min-height: 30px;\"\u001b[39m\n    \u001b[33mtitle\u001b[39m=\u001b[32m\"Save current search\"\u001b[39m\n    \u001b[33mtype\u001b[39m=\u001b[32m\"button\"\u001b[39m\n  \u001b[36m/>\u001b[39m\n\n  Name \"Batch Rename\":\n  \u001b[36m<button\u001b[39m\n    \u001b[33mstyle\u001b[39m=\u001b[32m\"display: flex; align-items: center; gap: 6px; background: var(--overlay-explorer-chip-active-bg); border: 1px solid var(--overlay-explorer-chip-active-border); cursor: pointer; color: var(--overlay-explorer-chip-active-text); padding: 4px 8px; border-radius: var(--overlay-explorer-control-radius); font-size: 10px; font-weight: 700; opacity: 1; flex-shrink: 0; min-height: 30px;\"\u001b[39m\n    \u001b[33mtitle\u001b[39m=\u001b[32m\"Batch rename visible or selected files\"\u001b[39m\n    \u001b[33mtype\u001b[39m=\u001b[32m\"button\"\u001b[39m\n  \u001b[36m/>\u001b[39m\n\n  Name \"Tag\":\n  \u001b[36m<button\u001b[39m\n    \u001b[33mdisabled\u001b[39m=\u001b[32m\"\"\u001b[39m\n    \u001b[33mstyle\u001b[39m=\u001b[32m\"display: flex; align-items: center; gap: 6px; background: var(--overlay-explorer-chip-bg); border: 1px solid var(--overlay-explorer-chip-border); cursor: default; color: var(--overlay-text-dim); padding: 4px 8px; border-radius: var(--overlay-explorer-control-radius); font-size: 10px; font-weight: 700; opacity: 0.55; flex-shrink: 0; min-height: 30px;\"\u001b[39m\n    \u001b[33mtitle\u001b[39m=\u001b[32m\"Apply tags to the current selection\"\u001b[39m\n    \u001b[33mtype\u001b[39m=\u001b[32m\"button\"\u001b[39m\n  \u001b[36m/>\u001b[39m\n\n  Name \"Duplicates\":\n  \u001b[36m<button\u001b[39m\n    \u001b[33mstyle\u001b[39m=\u001b[32m\"display: flex; align-items: center; gap: 6px; background: var(--overlay-explorer-chip-active-bg); border: 1px solid var(--overlay-explorer-chip-active-border); cursor: pointer; color: var(--overlay-explorer-chip-active-text); padding: 4px 8px; border-radius: var(--overlay-explorer-control-radius); font-size: 10px; font-weight: 700; opacity: 1; flex-shrink: 0; min-height: 30px;\"\u001b[39m\n    \u001b[33mtitle\u001b[39m=\u001b[32m\"Scan the current folder tree for duplicates\"\u001b[39m\n    \u001b[33mtype\u001b[39m=\u001b[32m\"button\"\u001b[39m\n  \u001b[36m/>\u001b[39m\n\n  Name \"Undo Trash\":\n  \u001b[36m<button\u001b[39m\n    \u001b[33mstyle\u001b[39m=\u001b[32m\"display: flex; align-items: center; gap: 6px; background: var(--overlay-explorer-chip-active-bg); border: 1px solid var(--overlay-explorer-chip-active-border); cursor: pointer; color: var(--overlay-explorer-chip-active-text); padding: 4px 8px; border-radius: var(--overlay-explorer-control-radius); font-size: 10px; font-weight: 700; opacity: 1; flex-shrink: 0; min-height: 30px;\"\u001b[39m\n    \u001b[33mtitle\u001b[39m=\u001b[32m\"Undo the most recent trash action\"\u001b[39m\n    \u001b[33mtype\u001b[39m=\u001b[32m\"button\"\u001b[39m\n  \u001b[36m/>\u001b[39m\n\n  Name \"Folder\":\n  \u001b[36m<button\u001b[39m\n    \u001b[33mstyle\u001b[39m=\u001b[32m\"display: flex; align-items: center; gap: 6px; background: var(--overlay-explorer-chip-bg); border: 1px solid transparent; cursor: pointer; color: var(--overlay-text-muted); padding: 4px 7px; border-radius: var(--overlay-explorer-control-radius); font-size: 10px; flex-shrink: 0; min-height: 30px;\"\u001b[39m\n    \u001b[33mtitle\u001b[39m=\u001b[32m\"New Folder\"\u001b[39m\n    \u001b[33mtype\u001b[39m=\u001b[32m\"button\"\u001b[39m\n  \u001b[36m/>\u001b[39m\n\n  Name \"File\":\n  \u001b[36m<button\u001b[39m\n    \u001b[33mstyle\u001b[39m=\u001b[32m\"display: flex; align-items: center; gap: 6px; background: var(--overlay-explorer-chip-bg); border: 1px solid transparent; cursor: pointer; color: var(--overlay-text-muted); padding: 4px 7px; border-radius: var(--overlay-explorer-control-radius); font-size: 10px; flex-shrink: 0; min-height: 30px;\"\u001b[39m\n    \u001b[33mtitle\u001b[39m=\u001b[32m\"New File\"\u001b[39m\n    \u001b[33mtype\u001b[39m=\u001b[32m\"button\"\u001b[39m\n  \u001b[36m/>\u001b[39m\n\n  Name \"Files\":\n  \u001b[36m<button\u001b[39m\n    \u001b[33maria-label\u001b[39m=\u001b[32m\"Files\"\u001b[39m\n    \u001b[33maria-pressed\u001b[39m=\u001b[32m\"true\"\u001b[39m\n    \u001b[33mdata-interaction-motion-enabled\u001b[39m=\u001b[32m\"true\"\u001b[39m\n    \u001b[33mdata-interaction-motion-module\u001b[39m=\u001b[32m\"shellChrome\"\u001b[39m\n    \u001b[33mdata-interaction-motion-preset\u001b[39m=\u001b[32m\"subtle\"\u001b[39m\n    \u001b[33mdata-interaction-motion-surface\u001b[39m=\u001b[32m\"explorerRailItem\"\u001b[39m\n    \u001b[33mdata-overlay-explorer-activity-lane\u001b[39m=\u001b[32m\"files\"\u001b[39m\n    \u001b[33mdata-overlay-explorer-activity-lane-active\u001b[39m=\u001b[32m\"true\"\u001b[39m\n    \u001b[33mdata-overlay-explorer-activity-lane-dragging\u001b[39m=\u001b[32m\"false\"\u001b[39m\n    \u001b[33mdraggable\u001b[39m=\u001b[32m\"true\"\u001b[39m\n    \u001b[33mstyle\u001b[39m=\u001b[32m\"width: 32px; height: 32px; border: 1px solid rgb(99, 102, 241); border-radius: var(--overlay-explorer-control-radius); background: color-mix(in srgb, rgb(99, 102, 241) 22%, transparent); color: var(--overlay-text-primary); display: inline-flex; align-items: center; justify-content: center; cursor: pointer; padding: 0px; position: relative; opacity: 1; box-shadow: 0 0 0 1px color-mix(in srgb, #6366f1 18%, transparent), 0 12px 28px color-mix(in srgb, #6366f1 20%, transparent); outline: none; transform: translate3d(1.000px, 0.000px, 0); filter: brightness(1.030); transition: background 150ms ease, border-color 150ms ease, box-shadow 150ms ease, color 150ms ease, opacity 150ms ease, transform 170ms cubic-bezier(0.22, 1, 0.36, 1), filter 170ms cubic-bezier(0.22, 1, 0.36, 1); will-change: transform, filter;\"\u001b[39m\n    \u001b[33mtitle\u001b[39m=\u001b[32m\"Files\"\u001b[39m\n    \u001b[33mtype\u001b[39m=\u001b[32m\"button\"\u001b[39m\n  \u001b[36m/>\u001b[39m\n\n  Name \"Search\":\n  \u001b[36m<button\u001b[39m\n    \u001b[33maria-label\u001b[39m=\u001b[32m\"Search\"\u001b[39m\n    \u001b[33maria-pressed\u001b[39m=\u001b[32m\"false\"\u001b[39m\n    \u001b[33mdata-interaction-motion-enabled\u001b[39m=\u001b[32m\"true\"\u001b[39m\n    \u001b[33mdata-interaction-motion-module\u001b[39m=\u001b[32m\"shellChrome\"\u001b[39m\n    \u001b[33mdata-interaction-motion-preset\u001b[39m=\u001b[32m\"subtle\"\u001b[39m\n    \u001b[33mdata-interaction-motion-step-index\u001b[39m=\u001b[32m\"1\"\u001b[39m\n    \u001b[33mdata-interaction-motion-surface\u001b[39m=\u001b[32m\"explorerRailItem\"\u001b[39m\n    \u001b[33mdata-overlay-explorer-activity-lane\u001b[39m=\u001b[32m\"search\"\u001b[39m\n    \u001b[33mdata-overlay-explorer-activity-lane-active\u001b[39m=\u001b[32m\"false\"\u001b[39m\n    \u001b[33mdata-overlay-explorer-activity-lane-dragging\u001b[39m=\u001b[32m\"false\"\u001b[39m\n    \u001b[33mdraggable\u001b[39m=\u001b[32m\"true\"\u001b[39m\n    \u001b[33mstyle\u001b[39m=\u001b[32m\"width: 32px; height: 32px; border: 1px solid var(--overlay-explorer-panel-border); border-radius: var(--overlay-explorer-control-radius); background: color-mix(in srgb, var(--overlay-explorer-panel-bg) 68%, transparent); color: var(--overlay-text-muted); display: inline-flex; align-items: center; justify-content: center; cursor: pointer; padding: 0px; position: relative; opacity: 1; box-shadow: 0 1px 0 rgba(255,255,255,0.035); outline: none; transition: background 150ms ease, border-color 150ms ease, box-shadow 150ms ease, color 150ms ease, opacity 150ms ease, transform 170ms cubic-bezier(0.22, 1, 0.36, 1), filter 170ms cubic-bezier(0.22, 1, 0.36, 1); will-change: transform, filter;\"\u001b[39m\n    \u001b[33mtitle\u001b[39m=\u001b[32m\"Search\"\u001b[39m\n    \u001b[33mtype\u001b[39m=\u001b[32m\"button\"\u001b[39m\n  \u001b[36m/>\u001b[39m\n\n  Name \"Semantic\":\n  \u001b[36m<button\u001b[39m\n    \u001b[33maria-label\u001b[39m=\u001b[32m\"Semantic\"\u001b[39m\n    \u001b[33maria-pressed\u001b[39m=\u001b[32m\"false\"\u001b[39m\n    \u001b[33mdata-interaction-motion-enabled\u001b[39m=\u001b[32m\"true\"\u001b[39m\n    \u001b[33mdata-interaction-motion-module\u001b[39m=\u001b[32m\"shellChrome\"\u001b[39m\n    \u001b[33mdata-interaction-motion-preset\u001b[39m=\u001b[32m\"subtle\"\u001b[39m\n    \u001b[33mdata-interaction-motion-step-index\u001b[39m=\u001b[32m\"2\"\u001b[39m\n    \u001b[33mdata-interaction-motion-surface\u001b[39m=\u001b[32m\"explorerRailItem\"\u001b[39m\n    \u001b[33mdata-overlay-explorer-activity-lane\u001b[39m=\u001b[32m\"semantic\"\u001b[39m\n    \u001b[33mdata-overlay-explorer-activity-lane-active\u001b[39m=\u001b[32m\"false\"\u001b[39m\n    \u001b[33mdata-overlay-explorer-activity-lane-dragging\u001b[39m=\u001b[32m\"false\"\u001b[39m\n    \u001b[33mdraggable\u001b[39m=\u001b[32m\"true\"\u001b[39m\n    \u001b[33mstyle\u001b[39m=\u001b[32m\"width: 32px; height: 32px; border: 1px solid var(--overlay-explorer-panel-border); border-radius: var(--overlay-explorer-control-radius); background: color-mix(in srgb, var(--overlay-explorer-panel-bg) 68%, transparent); color: var(--overlay-text-muted); display: inline-flex; align-items: center; justify-content: center; cursor: pointer; padding: 0px; position: relative; opacity: 1; box-shadow: 0 1px 0 rgba(255,255,255,0.035); outline: none; transition: background 150ms ease, border-color 150ms ease, box-shadow 150ms ease, color 150ms ease, opacity 150ms ease, transform 170ms cubic-bezier(0.22, 1, 0.36, 1), filter 170ms cubic-bezier(0.22, 1, 0.36, 1); will-change: transform, filter;\"\u001b[39m\n    \u001b[33mtitle\u001b[39m=\u001b[32m\"Semantic\"\u001b[39m\n    \u001b[33mtype\u001b[39m=\u001b[32m\"button\"\u001b[39m\n  \u001b[36m/>\u001b[39m\n\n  Name \"Tasks\":\n  \u001b[36m<button\u001b[39m\n    \u001b[33maria-label\u001b[39m=\u001b[32m\"Tasks\"\u001b[39m\n    \u001b[33maria-pressed\u001b[39m=\u001b[32m\"false\"\u001b[39m\n    \u001b[33mdata-interaction-motion-enabled\u001b[39m=\u001b[32m\"true\"\u001b[39m\n    \u001b[33mdata-interaction-motion-module\u001b[39m=\u001b[32m\"shellChrome\"\u001b[39m\n    \u001b[33mdata-interaction-motion-preset\u001b[39m=\u001b[32m\"subtle\"\u001b[39m\n    \u001b[33mdata-interaction-motion-step-index\u001b[39m=\u001b[32m\"3\"\u001b[39m\n    \u001b[33mdata-interaction-motion-surface\u001b[39m=\u001b[32m\"explorerRailItem\"\u001b[39m\n    \u001b[33mdata-overlay-explorer-activity-lane\u001b[39m=\u001b[32m\"tasks\"\u001b[39m\n    \u001b[33mdata-overlay-explorer-activity-lane-active\u001b[39m=\u001b[32m\"false\"\u001b[39m\n    \u001b[33mdata-overlay-explorer-activity-lane-dragging\u001b[39m=\u001b[32m\"false\"\u001b[39m\n    \u001b[33mdraggable\u001b[39m=\u001b[32m\"true\"\u001b[39m\n    \u001b[33mstyle\u001b[39m=\u001b[32m\"width: 32px; height: 32px; border: 1px solid var(--overlay-explorer-panel-border); border-radius: var(--overlay-explorer-control-radius); background: color-mix(in srgb, var(--overlay-explorer-panel-bg) 68%, transparent); color: var(--overlay-text-muted); display: inline-flex; align-items: center; justify-content: center; cursor: pointer; padding: 0px; position: relative; opacity: 1; box-shadow: 0 1px 0 rgba(255,255,255,0.035); outline: none; transition: background 150ms ease, border-color 150ms ease, box-shadow 150ms ease, color 150ms ease, opacity 150ms ease, transform 170ms cubic-bezier(0.22, 1, 0.36, 1), filter 170ms cubic-bezier(0.22, 1, 0.36, 1); will-change: transform, filter;\"\u001b[39m\n    \u001b[33mtitle\u001b[39m=\u001b[32m\"Tasks\"\u001b[39m\n    \u001b[33mtype\u001b[39m=\u001b[32m\"button\"\u001b[39m\n  \u001b[36m/>\u001b[39m\n\n  Name \"Terminal\":\n  \u001b[36m<button\u001b[39m\n    \u001b[33maria-label\u001b[39m=\u001b[32m\"Terminal\"\u001b[39m\n    \u001b[33maria-pressed\u001b[39m=\u001b[32m\"false\"\u001b[39m\n    \u001b[33mdata-interaction-motion-enabled\u001b[39m=\u001b[32m\"true\"\u001b[39m\n    \u001b[33mdata-interaction-motion-module\u001b[39m=\u001b[32m\"shellChrome\"\u001b[39m\n    \u001b[33mdata-interaction-motion-preset\u001b[39m=\u001b[32m\"subtle\"\u001b[39m\n    \u001b[33mdata-interaction-motion-step-index\u001b[39m=\u001b[32m\"4\"\u001b[39m\n    \u001b[33mdata-interaction-motion-surface\u001b[39m=\u001b[32m\"explorerRailItem\"\u001b[39m\n    \u001b[33mdata-overlay-explorer-activity-lane\u001b[39m=\u001b[32m\"terminal\"\u001b[39m\n    \u001b[33mdata-overlay-explorer-activity-lane-active\u001b[39m=\u001b[32m\"false\"\u001b[39m\n    \u001b[33mdata-overlay-explorer-activity-lane-dragging\u001b[39m=\u001b[32m\"false\"\u001b[39m\n    \u001b[33mdraggable\u001b[39m=\u001b[32m\"true\"\u001b[39m\n    \u001b[33mstyle\u001b[39m=\u001b[32m\"width: 32px; height: 32px; border: 1px solid var(--overlay-explorer-panel-border); border-radius: var(--overlay-explorer-control-radius); background: color-mix(in srgb, var(--overlay-explorer-panel-bg) 68%, transparent); color: var(--overlay-text-muted); display: inline-flex; align-items: center; justify-content: center; cursor: pointer; padding: 0px; position: relative; opacity: 1; box-shadow: 0 1px 0 rgba(255,255,255,0.035); outline: none; transition: background 150ms ease, border-color 150ms ease, box-shadow 150ms ease, color 150ms ease, opacity 150ms ease, transform 170ms cubic-bezier(0.22, 1, 0.36, 1), filter 170ms cubic-bezier(0.22, 1, 0.36, 1); will-change: transform, filter;\"\u001b[39m\n    \u001b[33mtitle\u001b[39m=\u001b[32m\"Terminal\"\u001b[39m\n    \u001b[33mtype\u001b[39m=\u001b[32m\"button\"\u001b[39m\n  \u001b[36m/>\u001b[39m\n\n  Name \"Close\":\n  \u001b[36m<button\u001b[39m\n    \u001b[33mstyle\u001b[39m=\u001b[32m\"border-radius: 999px; border: 1px solid var(--overlay-explorer-chip-border); background: var(--overlay-explorer-chip-bg); color: var(--overlay-text-primary); font-size: 9.5px; font-weight: 700; letter-spacing: 0.04em; padding: 5px 10px; cursor: pointer; flex-shrink: 0;\"\u001b[39m\n    \u001b[33mtitle\u001b[39m=\u001b[32m\"Close the sources panel\"\u001b[39m\n    \u001b[33mtype\u001b[39m=\u001b[32m\"button\"\u001b[39m\n  \u001b[36m/>\u001b[39m\n\n  Name \"Manage\":\n  \u001b[36m<button\u001b[39m\n    \u001b[33maria-pressed\u001b[39m=\u001b[32m\"false\"\u001b[39m\n    \u001b[33mstyle\u001b[39m=\u001b[32m\"border-radius: 999px; border: 1px solid var(--overlay-explorer-chip-border); background: var(--overlay-explorer-chip-bg); color: var(--overlay-text-primary); font-size: 9.5px; font-weight: 700; letter-spacing: 0.04em; padding: 5px 10px; cursor: pointer; flex-shrink: 0;\"\u001b[39m\n    \u001b[33mtype\u001b[39m=\u001b[32m\"button\"\u001b[39m\n  \u001b[36m/>\u001b[39m\n\n  Name \"Default side rail view\":\n  \u001b[36m<button\u001b[39m\n    \u001b[33maria-label\u001b[39m=\u001b[32m\"Default side rail view\"\u001b[39m\n    \u001b[33maria-pressed\u001b[39m=\u001b[32m\"true\"\u001b[39m\n    \u001b[33mstyle\u001b[39m=\u001b[32m\"border-radius: 999px; border: 1px solid rgba(99, 102, 241, 0.4); background: rgba(99, 102, 241, 0.08); color: rgb(99, 102, 241); font-size: 9px; font-weight: 700; letter-spacing: 0.04em; padding: 4px 9px; cursor: pointer; flex-shrink: 0;\"\u001b[39m\n    \u001b[33mtitle\u001b[39m=\u001b[32m\"Rich explorer rail with clearer cards, metadata, and branch emphasis.\"\u001b[39m\n    \u001b[33mtype\u001b[39m=\u001b[32m\"button\"\u001b[39m\n  \u001b[36m/>\u001b[39m\n\n  Name \"Compact side rail view\":\n  \u001b[36m<button\u001b[39m\n    \u001b[33maria-label\u001b[39m=\u001b[32m\"Compact side rail view\"\u001b[39m\n    \u001b[33maria-pressed\u001b[39m=\u001b[32m\"false\"\u001b[39m\n    \u001b[33mstyle\u001b[39m=\u001b[32m\"border-radius: 999px; border: 1px solid var(--overlay-explorer-chip-border); background: var(--overlay-explorer-chip-bg); color: var(--overlay-text-muted); font-size: 9px; font-weight: 700; letter-spacing: 0.04em; padding: 4px 9px; cursor: pointer; flex-shrink: 0;\"\u001b[39m\n    \u001b[33mtitle\u001b[39m=\u001b[32m\"Scanner-style rail with tighter rows and reduced metadata.\"\u001b[39m\n    \u001b[33mtype\u001b[39m=\u001b[32m\"button\"\u001b[39m\n  \u001b[36m/>\u001b[39m\n\n  Name \"Tree side rail view\":\n  \u001b[36m<button\u001b[39m\n    \u001b[33maria-label\u001b[39m=\u001b[32m\"Tree side rail view\"\u001b[39m\n    \u001b[33maria-pressed\u001b[39m=\u001b[32m\"false\"\u001b[39m\n    \u001b[33mstyle\u001b[39m=\u001b[32m\"border-radius: 999px; border: 1px solid var(--overlay-explorer-chip-border); background: var(--overlay-explorer-chip-bg); color: var(--overlay-text-muted); font-size: 9px; font-weight: 700; letter-spacing: 0.04em; padding: 4px 9px; cursor: pointer; flex-shrink: 0;\"\u001b[39m\n    \u001b[33mtitle\u001b[39m=\u001b[32m\"Hierarchy-first rail with strong branch cues and deeper path tracking.\"\u001b[39m\n    \u001b[33mtype\u001b[39m=\u001b[32m\"button\"\u001b[39m\n  \u001b[36m/>\u001b[39m\n\n  Name \"Toggle expand to open folder\":\n  \u001b[36m<button\u001b[39m\n    \u001b[33maria-label\u001b[39m=\u001b[32m\"Toggle expand to open folder\"\u001b[39m\n    \u001b[33maria-pressed\u001b[39m=\u001b[32m\"false\"\u001b[39m\n    \u001b[33mstyle\u001b[39m=\u001b[32m\"border-radius: 999px; border: 1px solid var(--overlay-explorer-chip-border); background: var(--overlay-explorer-chip-bg); color: var(--overlay-text-muted); font-size: 9px; font-weight: 700; letter-spacing: 0.04em; padding: 4px 9px; cursor: pointer; flex-shrink: 0;\"\u001b[39m\n    \u001b[33mtitle\u001b[39m=\u001b[32m\"Expand to Open Folder is off. Only the chevrons expand the rail tree.\"\u001b[39m\n    \u001b[33mtype\u001b[39m=\u001b[32m\"button\"\u001b[39m\n  \u001b[36m/>\u001b[39m\n\n  Name \"Quick Access\":\n  \u001b[36m<button\u001b[39m\n    \u001b[33mstyle\u001b[39m=\u001b[32m\"width: 100%; display: flex; align-items: center; justify-content: space-between; gap: 8px; padding: 4px 7px; background: transparent; border: medium; cursor: pointer; color: var(--overlay-text-muted); text-transform: uppercase; letter-spacing: 0.1em; font-size: 9.5px; font-weight: 700;\"\u001b[39m\n    \u001b[33mtype\u001b[39m=\u001b[32m\"button\"\u001b[39m\n  \u001b[36m/>\u001b[39m\n\n  Name \"Home Open the explorer home surface.\":\n  \u001b[36m<button\u001b[39m\n    \u001b[33mdata-interaction-motion-enabled\u001b[39m=\u001b[32m\"true\"\u001b[39m\n    \u001b[33mdata-interaction-motion-module\u001b[39m=\u001b[32m\"shellChrome\"\u001b[39m\n    \u001b[33mdata-interaction-motion-preset\u001b[39m=\u001b[32m\"subtle\"\u001b[39m\n    \u001b[33mdata-interaction-motion-surface\u001b[39m=\u001b[32m\"explorerRailItem\"\u001b[39m\n    \u001b[33mstyle\u001b[39m=\u001b[32m\"gap: 7px; padding: 5px 6px; border-radius: 12px; border: 1px solid var(--overlay-explorer-chip-border); background: var(--overlay-explorer-chip-bg); box-shadow: none; position: relative; margin-left: 0px; width: 100%; display: flex; align-items: center; color: var(--overlay-text-primary); cursor: pointer; text-align: left; transition: background 160ms ease, border-color 160ms ease, box-shadow 160ms ease, color 160ms ease, opacity 160ms ease, transform 170ms cubic-bezier(0.22, 1, 0.36, 1), filter 170ms cubic-bezier(0.22, 1, 0.36, 1); will-change: transform, filter;\"\u001b[39m\n    \u001b[33mtype\u001b[39m=\u001b[32m\"button\"\u001b[39m\n  \u001b[36m/>\u001b[39m\n\n  Name \"Drives\":\n  \u001b[36m<button\u001b[39m\n    \u001b[33mstyle\u001b[39m=\u001b[32m\"width: 100%; display: flex; align-items: center; justify-content: space-between; gap: 8px; padding: 4px 7px; background: transparent; border: medium; cursor: pointer; color: var(--overlay-text-muted); text-transform: uppercase; letter-spacing: 0.1em; font-size: 9.5px; font-weight: 700;\"\u001b[39m\n    \u001b[33mtype\u001b[39m=\u001b[32m\"button\"\u001b[39m\n  \u001b[36m/>\u001b[39m\n\n  Name \"Saved Searches\":\n  \u001b[36m<button\u001b[39m\n    \u001b[33mstyle\u001b[39m=\u001b[32m\"width: 100%; display: flex; align-items: center; justify-content: space-between; gap: 8px; padding: 4px 7px; background: transparent; border: medium; cursor: pointer; color: var(--overlay-text-muted); text-transform: uppercase; letter-spacing: 0.1em; font-size: 9.5px; font-weight: 700;\"\u001b[39m\n    \u001b[33mtype\u001b[39m=\u001b[32m\"button\"\u001b[39m\n  \u001b[36m/>\u001b[39m\n\n  Name \"Tags\":\n  \u001b[36m<button\u001b[39m\n    \u001b[33mstyle\u001b[39m=\u001b[32m\"width: 100%; display: flex; align-items: center; justify-content: space-between; gap: 8px; padding: 4px 7px; background: transparent; border: medium; cursor: pointer; color: var(--overlay-text-muted); text-transform: uppercase; letter-spacing: 0.1em; font-size: 9.5px; font-weight: 700;\"\u001b[39m\n    \u001b[33mtype\u001b[39m=\u001b[32m\"button\"\u001b[39m\n  \u001b[36m/>\u001b[39m\n\n  Name \"Bookmarks\":\n  \u001b[36m<button\u001b[39m\n    \u001b[33mstyle\u001b[39m=\u001b[32m\"width: 100%; display: flex; align-items: center; justify-content: space-between; gap: 8px; padding: 4px 7px; background: transparent; border: medium; cursor: pointer; color: var(--overlay-text-muted); text-transform: uppercase; letter-spacing: 0.1em; font-size: 9.5px; font-weight: 700;\"\u001b[39m\n    \u001b[33mtype\u001b[39m=\u001b[32m\"button\"\u001b[39m\n  \u001b[36m/>\u001b[39m\n\n  Name \"Preview\":\n  \u001b[36m<button\u001b[39m\n    \u001b[33maria-label\u001b[39m=\u001b[32m\"Preview\"\u001b[39m\n    \u001b[33maria-pressed\u001b[39m=\u001b[32m\"false\"\u001b[39m\n    \u001b[33mdata-interaction-motion-enabled\u001b[39m=\u001b[32m\"true\"\u001b[39m\n    \u001b[33mdata-interaction-motion-module\u001b[39m=\u001b[32m\"shellChrome\"\u001b[39m\n    \u001b[33mdata-interaction-motion-preset\u001b[39m=\u001b[32m\"subtle\"\u001b[39m\n    \u001b[33mdata-interaction-motion-surface\u001b[39m=\u001b[32m\"explorerRailItem\"\u001b[39m\n    \u001b[33mdata-overlay-explorer-activity-lane\u001b[39m=\u001b[32m\"preview\"\u001b[39m\n    \u001b[33mdata-overlay-explorer-activity-lane-active\u001b[39m=\u001b[32m\"false\"\u001b[39m\n    \u001b[33mdata-overlay-explorer-activity-lane-dragging\u001b[39m=\u001b[32m\"false\"\u001b[39m\n    \u001b[33mdraggable\u001b[39m=\u001b[32m\"true\"\u001b[39m\n    \u001b[33mstyle\u001b[39m=\u001b[32m\"width: 32px; height: 32px; border: 1px solid var(--overlay-explorer-panel-border); border-radius: var(--overlay-explorer-control-radius); background: color-mix(in srgb, var(--overlay-explorer-panel-bg) 68%, transparent); color: var(--overlay-text-muted); display: inline-flex; align-items: center; justify-content: center; cursor: pointer; padding: 0px; position: relative; opacity: 1; box-shadow: 0 1px 0 rgba(255,255,255,0.035); outline: none; transition: background 150ms ease, border-color 150ms ease, box-shadow 150ms ease, color 150ms ease, opacity 150ms ease, transform 170ms cubic-bezier(0.22, 1, 0.36, 1), filter 170ms cubic-bezier(0.22, 1, 0.36, 1); will-change: transform, filter;\"\u001b[39m\n    \u001b[33mtitle\u001b[39m=\u001b[32m\"Preview\"\u001b[39m\n    \u001b[33mtype\u001b[39m=\u001b[32m\"button\"\u001b[39m\n  \u001b[36m/>\u001b[39m\n\n  Name \"Actions\":\n  \u001b[36m<button\u001b[39m\n    \u001b[33maria-label\u001b[39m=\u001b[32m\"Actions\"\u001b[39m\n    \u001b[33maria-pressed\u001b[39m=\u001b[32m\"false\"\u001b[39m\n    \u001b[33mdata-interaction-motion-enabled\u001b[39m=\u001b[32m\"true\"\u001b[39m\n    \u001b[33mdata-interaction-motion-module\u001b[39m=\u001b[32m\"shellChrome\"\u001b[39m\n    \u001b[33mdata-interaction-motion-preset\u001b[39m=\u001b[32m\"subtle\"\u001b[39m\n    \u001b[33mdata-interaction-motion-step-index\u001b[39m=\u001b[32m\"1\"\u001b[39m\n    \u001b[33mdata-interaction-motion-surface\u001b[39m=\u001b[32m\"explorerRailItem\"\u001b[39m\n    \u001b[33mdata-overlay-explorer-activity-lane\u001b[39m=\u001b[32m\"actions\"\u001b[39m\n    \u001b[33mdata-overlay-explorer-activity-lane-active\u001b[39m=\u001b[32m\"false\"\u001b[39m\n    \u001b[33mdata-overlay-explorer-activity-lane-dragging\u001b[39m=\u001b[32m\"false\"\u001b[39m\n    \u001b[33mdraggable\u001b[39m=\u001b[32m\"true\"\u001b[39m\n    \u001b[33mstyle\u001b[39m=\u001b[32m\"width: 32px; height: 32px; border: 1px solid var(--overlay-explorer-panel-border); border-radius: var(--overlay-explorer-control-radius); background: color-mix(in srgb, var(--overlay-explorer-panel-bg) 68%, transparent); color: var(--overlay-text-muted); display: inline-flex; align-items: center; justify-content: center; cursor: pointer; padding: 0px; position: relative; opacity: 1; box-shadow: 0 1px 0 rgba(255,255,255,0.035); outline: none; transition: background 150ms ease, border-color 150ms ease, box-shadow 150ms ease, color 150ms ease, opacity 150ms ease, transform 170ms cubic-bezier(0.22, 1, 0.36, 1), filter 170ms cubic-bezier(0.22, 1, 0.36, 1); will-change: transform, filter;\"\u001b[39m\n    \u001b[33mtitle\u001b[39m=\u001b[32m\"Actions\"\u001b[39m\n    \u001b[33mtype\u001b[39m=\u001b[32m\"button\"\u001b[39m\n  \u001b[36m/>\u001b[39m\n\n  Name \"Customize\":\n  \u001b[36m<button\u001b[39m\n    \u001b[33maria-label\u001b[39m=\u001b[32m\"Customize\"\u001b[39m\n    \u001b[33maria-pressed\u001b[39m=\u001b[32m\"false\"\u001b[39m\n    \u001b[33mdata-interaction-motion-enabled\u001b[39m=\u001b[32m\"true\"\u001b[39m\n    \u001b[33mdata-interaction-motion-module\u001b[39m=\u001b[32m\"shellChrome\"\u001b[39m\n    \u001b[33mdata-interaction-motion-preset\u001b[39m=\u001b[32m\"subtle\"\u001b[39m\n    \u001b[33mdata-interaction-motion-step-index\u001b[39m=\u001b[32m\"2\"\u001b[39m\n    \u001b[33mdata-interaction-motion-surface\u001b[39m=\u001b[32m\"explorerRailItem\"\u001b[39m\n    \u001b[33mdata-overlay-explorer-activity-lane\u001b[39m=\u001b[32m\"customize\"\u001b[39m\n    \u001b[33mdata-overlay-explorer-activity-lane-active\u001b[39m=\u001b[32m\"false\"\u001b[39m\n    \u001b[33mdata-overlay-explorer-activity-lane-dragging\u001b[39m=\u001b[32m\"false\"\u001b[39m\n    \u001b[33mdraggable\u001b[39m=\u001b[32m\"true\"\u001b[39m\n    \u001b[33mstyle\u001b[39m=\u001b[32m\"width: 32px; height: 32px; border: 1px solid var(--overlay-explorer-panel-border); border-radius: var(--overlay-explorer-control-radius); background: color-mix(in srgb, var(--overlay-explorer-panel-bg) 68%, transparent); color: var(--overlay-text-muted); display: inline-flex; align-items: center; justify-content: center; cursor: pointer; padding: 0px; position: relative; opacity: 1; box-shadow: 0 1px 0 rgba(255,255,255,0.035); outline: none; transition: background 150ms ease, border-color 150ms ease, box-shadow 150ms ease, color 150ms ease, opacity 150ms ease, transform 170ms cubic-bezier(0.22, 1, 0.36, 1), filter 170ms cubic-bezier(0.22, 1, 0.36, 1); will-change: transform, filter;\"\u001b[39m\n    \u001b[33mtitle\u001b[39m=\u001b[32m\"Customize\"\u001b[39m\n    \u001b[33mtype\u001b[39m=\u001b[32m\"button\"\u001b[39m\n  \u001b[36m/>\u001b[39m\n\n  --------------------------------------------------\n  navigation:\n\n  Name \"Explorer left activity rail\":\n  \u001b[36m<nav\u001b[39m\n    \u001b[33maria-label\u001b[39m=\u001b[32m\"Explorer left activity rail\"\u001b[39m\n    \u001b[33mdata-overlay-explorer-activity-rail\u001b[39m=\u001b[32m\"true\"\u001b[39m\n    \u001b[33mdata-overlay-explorer-activity-rail-side\u001b[39m=\u001b[32m\"left\"\u001b[39m\n    \u001b[33mstyle\u001b[39m=\u001b[32m\"width: 44px; min-width: 44px; display: flex; flex-direction: column; align-items: center; gap: 7px; padding: 9px 6px; border-right: 1px solid var(--overlay-explorer-panel-border); background: color-mix(in srgb, var(--overlay-explorer-panel-bg) 92%, transparent); box-shadow: inset -1px 0 0 rgba(255,255,255,0.025); box-sizing: border-box;\"\u001b[39m\n  \u001b[36m/>\u001b[39m\n\n  Name \"Explorer right activity rail\":\n  \u001b[36m<nav\u001b[39m\n    \u001b[33maria-label\u001b[39m=\u001b[32m\"Explorer right activity rail\"\u001b[39m\n    \u001b[33mdata-overlay-explorer-activity-rail\u001b[39m=\u001b[32m\"true\"\u001b[39m\n    \u001b[33mdata-overlay-explorer-activity-rail-side\u001b[39m=\u001b[32m\"right\"\u001b[39m\n    \u001b[33mstyle\u001b[39m=\u001b[32m\"width: 44px; min-width: 44px; display: flex; flex-direction: column; align-items: center; gap: 7px; padding: 9px 6px; border-left: 1px solid var(--overlay-explorer-panel-border); background: color-mix(in srgb, var(--overlay-explorer-panel-bg) 92%, transparent); box-shadow: inset 1px 0 0 rgba(255,255,255,0.025); box-sizing: border-box;\"\u001b[39m\n  \u001b[36m/>\u001b[39m\n\n  --------------------------------------------------\n  group:\n\n  Name \"Side rail view mode\":\n  \u001b[36m<div\u001b[39m\n    \u001b[33maria-label\u001b[39m=\u001b[32m\"Side rail view mode\"\u001b[39m\n    \u001b[33mrole\u001b[39m=\u001b[32m\"group\"\u001b[39m\n    \u001b[33mstyle\u001b[39m=\u001b[32m\"display: flex; flex-wrap: wrap; gap: 6px; margin-top: 8px;\"\u001b[39m\n  \u001b[36m/>\u001b[39m\n\n  --------------------------------------------------\n  textbox:\n\n  Name \"Search bookmarks\":\n  \u001b[36m<input\u001b[39m\n    \u001b[33maria-label\u001b[39m=\u001b[32m\"Search bookmarks\"\u001b[39m\n    \u001b[33mplaceholder\u001b[39m=\u001b[32m\"Search bookmarks\"\u001b[39m\n    \u001b[33mstyle\u001b[39m=\u001b[32m\"width: 100%; min-width: 0px; border: medium; outline: none; background: transparent; color: var(--overlay-text-primary); font-size: 10.5px;\"\u001b[39m\n    \u001b[33mvalue\u001b[39m=\u001b[32m\"\"\u001b[39m\n  \u001b[36m/>\u001b[39m\n\n  --------------------------------------------------\n  tree:\n\n  Name \"Bookmarks tree\":\n  \u001b[36m<div\u001b[39m\n    \u001b[33maria-label\u001b[39m=\u001b[32m\"Bookmarks tree\"\u001b[39m\n    \u001b[33mrole\u001b[39m=\u001b[32m\"tree\"\u001b[39m\n    \u001b[33mstyle\u001b[39m=\u001b[32m\"flex: 1 1 0%; min-height: 120px; margin-top: 8px; padding: 3px; border-radius: 10px; border: 1px dashed rgba(99, 102, 241, 0.333); background: rgba(99, 102, 241, 0.063);\"\u001b[39m\n  \u001b[36m/>\u001b[39m\n\n  --------------------------------------------------\n  img:\n\n  Name \"\":\n  \u001b[36m<img\u001b[39m\n    \u001b[33mdraggable\u001b[39m=\u001b[32m\"false\"\u001b[39m\n    \u001b[33msrc\u001b[39m=\u001b[32m\"/icons/folder.svg\"\u001b[39m\n    \u001b[33mstyle\u001b[39m=\u001b[32m\"width: 40px; height: 40px; object-fit: contain; flex-shrink: 0; display: block; transition: width 0.18s cubic-bezier(0.22, 1, 0.36, 1), height 0.18s cubic-bezier(0.22, 1, 0.36, 1);\"\u001b[39m\n  \u001b[36m/>\u001b[39m\n\n  Name \"\":\n  \u001b[36m<img\u001b[39m\n    \u001b[33mdraggable\u001b[39m=\u001b[32m\"false\"\u001b[39m\n    \u001b[33msrc\u001b[39m=\u001b[32m\"/icons/txt.svg\"\u001b[39m\n    \u001b[33mstyle\u001b[39m=\u001b[32m\"width: 40px; height: 40px; object-fit: contain; flex-shrink: 0; display: block; transition: width 0.18s cubic-bezier(0.22, 1, 0.36, 1), height 0.18s cubic-bezier(0.22, 1, 0.36, 1);\"\u001b[39m\n  \u001b[36m/>\u001b[39m\n\n  Name \"\":\n  \u001b[36m<img\u001b[39m\n    \u001b[33mdraggable\u001b[39m=\u001b[32m\"false\"\u001b[39m\n    \u001b[33msrc\u001b[39m=\u001b[32m\"/icons/python.svg\"\u001b[39m\n    \u001b[33mstyle\u001b[39m=\u001b[32m\"width: 40px; height: 40px; object-fit: contain; flex-shrink: 0; display: block; transition: width 0.18s cubic-bezier(0.22, 1, 0.36, 1), height 0.18s cubic-bezier(0.22, 1, 0.36, 1);\"\u001b[39m\n  \u001b[36m/>\u001b[39m\n\n  Name \"\":\n  \u001b[36m<img\u001b[39m\n    \u001b[33mdraggable\u001b[39m=\u001b[32m\"false\"\u001b[39m\n    \u001b[33msrc\u001b[39m=\u001b[32m\"/icons/exe.svg\"\u001b[39m\n    \u001b[33mstyle\u001b[39m=\u001b[32m\"width: 40px; height: 40px; object-fit: contain; flex-shrink: 0; display: block; transition: width 0.18s cubic-bezier(0.22, 1, 0.36, 1), height 0.18s cubic-bezier(0.22, 1, 0.36, 1);\"\u001b[39m\n  \u001b[36m/>\u001b[39m\n\n  Name \"\":\n  \u001b[36m<img\u001b[39m\n    \u001b[33mdraggable\u001b[39m=\u001b[32m\"false\"\u001b[39m\n    \u001b[33msrc\u001b[39m=\u001b[32m\"/icons/html.svg\"\u001b[39m\n    \u001b[33mstyle\u001b[39m=\u001b[32m\"width: 40px; height: 40px; object-fit: contain; flex-shrink: 0; display: block; transition: width 0.18s cubic-bezier(0.22, 1, 0.36, 1), height 0.18s cubic-bezier(0.22, 1, 0.36, 1);\"\u001b[39m\n  \u001b[36m/>\u001b[39m\n\n  Name \"\":\n  \u001b[36m<img\u001b[39m\n    \u001b[33mdraggable\u001b[39m=\u001b[32m\"false\"\u001b[39m\n    \u001b[33msrc\u001b[39m=\u001b[32m\"/icons/image.svg\"\u001b[39m\n    \u001b[33mstyle\u001b[39m=\u001b[32m\"width: 40px; height: 40px; object-fit: contain; flex-shrink: 0; display: block; transition: width 0.18s cubic-bezier(0.22, 1, 0.36, 1), height 0.18s cubic-bezier(0.22, 1, 0.36, 1);\"\u001b[39m\n  \u001b[36m/>\u001b[39m\n\n  Name \"\":\n  \u001b[36m<img\u001b[39m\n    \u001b[33mdraggable\u001b[39m=\u001b[32m\"false\"\u001b[39m\n    \u001b[33msrc\u001b[39m=\u001b[32m\"/icons/audio.svg\"\u001b[39m\n    \u001b[33mstyle\u001b[39m=\u001b[32m\"width: 40px; height: 40px; object-fit: contain; flex-shrink: 0; display: block; transition: width 0.18s cubic-bezier(0.22, 1, 0.36, 1), height 0.18s cubic-bezier(0.22, 1, 0.36, 1);\"\u001b[39m\n  \u001b[36m/>\u001b[39m\n\n  Name \"\":\n  \u001b[36m<img\u001b[39m\n    \u001b[33mdraggable\u001b[39m=\u001b[32m\"false\"\u001b[39m\n    \u001b[33msrc\u001b[39m=\u001b[32m\"/icons/video.svg\"\u001b[39m\n    \u001b[33mstyle\u001b[39m=\u001b[32m\"width: 40px; height: 40px; object-fit: contain; flex-shrink: 0; display: block; transition: width 0.18s cubic-bezier(0.22, 1, 0.36, 1), height 0.18s cubic-bezier(0.22, 1, 0.36, 1);\"\u001b[39m\n  \u001b[36m/>\u001b[39m\n\n  Name \"\":\n  \u001b[36m<img\u001b[39m\n    \u001b[33mdraggable\u001b[39m=\u001b[32m\"false\"\u001b[39m\n    \u001b[33msrc\u001b[39m=\u001b[32m\"/icons/txt.svg\"\u001b[39m\n    \u001b[33mstyle\u001b[39m=\u001b[32m\"width: 40px; height: 40px; object-fit: contain; flex-shrink: 0; display: block; transition: width 0.18s cubic-bezier(0.22, 1, 0.36, 1), height 0.18s cubic-bezier(0.22, 1, 0.36, 1);\"\u001b[39m\n  \u001b[36m/>\u001b[39m\n\n  Name \"\":\n  \u001b[36m<img\u001b[39m\n    \u001b[33mdraggable\u001b[39m=\u001b[32m\"false\"\u001b[39m\n    \u001b[33msrc\u001b[39m=\u001b[32m\"/icons/image.svg\"\u001b[39m\n    \u001b[33mstyle\u001b[39m=\u001b[32m\"width: 40px; height: 40px; object-fit: contain; flex-shrink: 0; display: block; transition: width 0.18s cubic-bezier(0.22, 1, 0.36, 1), height 0.18s cubic-bezier(0.22, 1, 0.36, 1);\"\u001b[39m\n  \u001b[36m/>\u001b[39m\n\n  Name \"\":\n  \u001b[36m<img\u001b[39m\n    \u001b[33mdraggable\u001b[39m=\u001b[32m\"false\"\u001b[39m\n    \u001b[33msrc\u001b[39m=\u001b[32m\"/icons/txt.svg\"\u001b[39m\n    \u001b[33mstyle\u001b[39m=\u001b[32m\"width: 40px; height: 40px; object-fit: contain; flex-shrink: 0; display: block; transition: width 0.18s cubic-bezier(0.22, 1, 0.36, 1), height 0.18s cubic-bezier(0.22, 1, 0.36, 1);\"\u001b[39m\n  \u001b[36m/>\u001b[39m\n\n  Name \"\":\n  \u001b[36m<img\u001b[39m\n    \u001b[33mdraggable\u001b[39m=\u001b[32m\"false\"\u001b[39m\n    \u001b[33msrc\u001b[39m=\u001b[32m\"/icons/wgsl.svg\"\u001b[39m\n    \u001b[33mstyle\u001b[39m=\u001b[32m\"width: 40px; height: 40px; object-fit: contain; flex-shrink: 0; display: block; transition: width 0.18s cubic-bezier(0.22, 1, 0.36, 1), height 0.18s cubic-bezier(0.22, 1, 0.36, 1);\"\u001b[39m\n  \u001b[36m/>\u001b[39m\n\n  Name \"\":\n  \u001b[36m<img\u001b[39m\n    \u001b[33mdraggable\u001b[39m=\u001b[32m\"false\"\u001b[39m\n    \u001b[33msrc\u001b[39m=\u001b[32m\"/icons/hlsl.svg\"\u001b[39m\n    \u001b[33mstyle\u001b[39m=\u001b[32m\"width: 40px; height: 40px; object-fit: contain; flex-shrink: 0; display: block; transition: width 0.18s cubic-bezier(0.22, 1, 0.36, 1), height 0.18s cubic-bezier(0.22, 1, 0.36, 1);\"\u001b[39m\n  \u001b[36m/>\u001b[39m\n\n  --------------------------------------------------\n\nIgnored nodes: comments, script, style\n\u001b[36m<body\u001b[39m\n  \u001b[33mstyle\u001b[39m=\u001b[32m\"\"\u001b[39m\n\u001b[36m>\u001b[39m\n  \u001b[36m<div>\u001b[39m\n    \u001b[36m<div\u001b[39m\n      \u001b[33mdata-explorer-zoom-scope\u001b[39m=\u001b[32m\"true\"\u001b[39m\n      \u001b[33mdata-overlay-explo
[...]
em-selected-border: color-mix(in srgb, var(--overlay-accent) 28%, var(--overlay-border-strong)); --overlay-explorer-item-drop-bg: color-mix(in srgb, var(--overlay-accent) 10%, transparent); --overlay-explorer-item-drop-border: var(--overlay-border-strong); --overlay-explorer-item-focus-shadow: none; --overlay-explorer-input-bg: var(--overlay-bg-input); --overlay-explorer-input-border: var(--overlay-border-strong); --overlay-explorer-chip-bg: transparent; --overlay-explorer-chip-border: var(--overlay-border); --overlay-explorer-chip-active-bg: var(--overlay-bg-selection); --overlay-explorer-chip-active-border: color-mix(in srgb, var(--overlay-accent) 24%, var(--overlay-border-strong)); --overlay-explorer-chip-active-text: var(--overlay-text-primary); --overlay-explorer-toolbar-gap: 6px; --overlay-explorer-toolbar-padding: 6px 10px; --overlay-explorer-control-radius: 8px; --overlay-explorer-panel-radius: 10px; --overlay-explorer-chrome-inset: 0px; --overlay-explorer-hover-lift: 0px; --overlay-explorer-rail-width: 264px; --overlay-explorer-preview-width: 360px; --overlay-explorer-toolbar-font-size: 11px; --overlay-explorer-breadcrumb-font-size: 11px; --overlay-explorer-entry-title-size: 11px; --overlay-explorer-entry-meta-size: 10px; --overlay-explorer-status-font-size: 10px; --overlay-explorer-rail-eyebrow-size: 10px; --overlay-explorer-rail-title-size: 14px; --overlay-explorer-entry-title-weight: 500; --overlay-explorer-label-spacing: 0.04em; --overlay-explorer-modal-scrim: var(--overlay-bg-scrim); --overlay-explorer-modal-surface: var(--overlay-bg-panel); --overlay-explorer-modal-shadow: var(--overlay-shadow); --overlay-explorer-modal-border: var(--overlay-explorer-popup-border-width) solid var(--overlay-explorer-popup-border); --overlay-explorer-code-bg: var(--overlay-bg-terminal); --overlay-explorer-drag-preview-bg: var(--overlay-bg-card); --overlay-explorer-drag-preview-border: var(--overlay-border); --overlay-explorer-drag-preview-dot: var(--overlay-accent); --overlay-explorer-danger-soft-bg: color-mix(in srgb, var(--overlay-danger) 14%, transparent); --overlay-explorer-danger-soft-border: color-mix(in srgb, var(--overlay-danger) 34%, var(--overlay-border)); --overlay-explorer-danger-text: var(--overlay-danger); --overlay-explorer-ctx-menu-shadow: var(--overlay-shadow); --overlay-explorer-popup-border-width: thin; --overlay-explorer-popup-border: var(--overlay-border); --overlay-explorer-popup-bg: var(--overlay-bg-menu); --overlay-explorer-popup-max-height: min(27.5rem, calc(100vh - 1.5rem)); --overlay-explorer-preview-chooser-width: 20rem; --overlay-explorer-view-menu-max-width: min(26.25rem, calc(100vw - 1.5rem)); --overlay-explorer-popup-shadow: var(--overlay-shadow); --overlay-explorer-popup-item-hover-bg: var(--overlay-bg-card-hover); --overlay-explorer-popup-shadow-lg: var(--overlay-shadow); --overlay-explorer-hud-shadow: var(--overlay-shadow); --overlay-explorer-floating-hud-layer: 9996; --overlay-explorer-floating-menu-layer: 9997; --overlay-explorer-floating-context-layer: 9998; flex: 1 1 0%; display: flex; flex-direction: column; background: var(--overlay-explorer-root-bg); color: var(--overlay-text-primary); font-family: system-ui, sans-serif; position: relative; overflow: hidden;\"\u001b[39m\n    \u001b[36m>\u001b[39m\n      \u001b[36m<div\u001b[39m\n        \u001b[33mstyle\u001b[39m=\u001b[32m\"flex: 1 1 0%; display: flex; flex-direction: column; min-height: 0px; min-width: 0px; overflow: hidden;\"\u001b[39m\n      \u001b[36m>\u001b[39m\n        \u001b[36m<div\u001b[39m\n          \u001b[33mstyle\u001b[39m=\u001b[32m\"display: flex; flex-direction: column; min-width: 0px; flex-shrink: 0;\"\u001b[39m\n        \u001b[36m>\u001b[39m\n          \u001b[36m<div\u001b[39m\n            \u001b[33mdata-overlay-explorer-plane\u001b[39m=\u001b[32m\"toolbar\"\u001b[39m\n            \u001b[33mstyle\u001b[39m=\u001b[32m\"display: flex; flex-direction: column; gap: var(--overlay-explorer-toolbar-gap); padding: var(--overlay-explorer-toolbar-padding); background: var(--overlay-explorer-toolbar-bg); border-top-width: 0px; border-right-width: 0px; border-left-width: 0px; border-bottom-width: 1px; border-style: solid; border-color: var(--overlay-explorer-toolbar-border); border-radius: 0px; margin: 0px; box-shadow: none; backdrop-filter: none; flex-shrink: 0; isolation: isolate;\"\u001b[39m\n          \u001b[36m>\u001b[39m\n            \u001b[36m<div\u001b[39m\n              \u001b[33mstyle\u001b[39m=\u001b[32m\"display: flex; align-items: flex-start; gap: 8px; min-width: 0px; position: relative;\"\u001b[39m\n            \u001b[36m>\u001b[39m\n              \u001b[36m<div\u001b[39m\n                \u001b[33mstyle\u001b[39m=\u001b[32m\"flex: 1 1 0%; min-width: 0px; display: flex; flex-direction: column;\"\u001b[39m\n              \u001b[36m>\u001b[39m\n                \u001b[36m<div\u001b[39m\n                  \u001b[33mclass\u001b[39m=\u001b[32m\"explorer-chrome-surface\"\u001b[39m\n                  \u001b[33mdata-explorer-customize-surface-id\u001b[39m=\u001b[32m\"explorerToolbar\"\u001b[39m\n                  \u001b[33mdata-overlay-explorer-surface\u001b[39m=\u001b[32m\"explorerToolbar\"\u001b[39m\n                  \u001b[33mstyle\u001b[39m=\u001b[32m\"width: 100%; min-width: 0px; position: relative;\"\u001b[39m\n                \u001b[36m>\u001b[39m\n                  \u001b[36m<div\u001b[39m\n                    \u001b[33mclass\u001b[39m=\u001b[32m\"explorer-chrome-surface__row overlay-scrollbars-none\"\u001b[39m\n                    \u001b[33mdata-explorer-customize-row-id\u001b[39m=\u001b[32m\"primary\"\u001b[39m\n                    \u001b[...\n    at Proxy.waitForWrapper (D:\\GreebleFS\\node_modules\\@testing-library\\dom\\dist\\wait-for.js:163:27)\n    at D:/GreebleFS/src/test/fileExplorer.viewModes.test.tsx:6820:11\n    at file:///D:/GreebleFS/node_modules/@vitest/runner/dist/index.js:1258:20"],"meta":{},"tags":[]},{"ancestorTitles":["FileExplorer view modes"],"fullName":"FileExplorer view modes keeps the selection summary visible while a selected empty folder waits on size measurement","status":"failed","title":"keeps the selection summary visible while a selected empty folder waits on size measurement","duration":1951.443499999994,"failureMessages":["AssertionError: expected [ 'C:\\workspace\\repo\\notes.txt', …(7) ] to include 'C:\\workspace\\repo\\alpha'\n\nIgnored nodes: comments, script, style\n\u001b[36m<html>\u001b[39m\n  \u001b[36m<head />\u001b[39m\n  \u001b[36m<body\u001b[39m\n    \u001b[33mstyle\u001b[39m=\u001b[32m\"\"\u001b[39m\n  \u001b[36m>\u001b[39m\n    \u001b[36m<div>\u001b[39m\n      \u001b[36m<div\u001b[39m\n        \u001b[33mdata-explorer-zoom-scope\u001b[39m=\u001b[32m\"true\"\u001b[39m\n        \u001b[33mdata-overlay-explorer\u001b[39m=\u001b[32m\"true\"\u001b[39m\n        \u001b[33mdata-overlay-explorer-drop-root-path\u001b[39m=\u001b[32m\"C:\\\\workspace\\\\repo\"\u001b[39m\n        \u001b[33mdata-overlay-explorer-drop-scope-id\u001b[39m=\u001b[32m\"explorer-drop-primary\"\u001b[39m\n        \u001b[33mdata-overlay-explorer-drop-surface-id\u001b[39m=\u001b[32m\"explorer-drop-primary\"\u001b[39m\n        \u001b[33mdata-overlay-explorer-drop-surface-role\u001b[39m=\u001b[32m\"scope-root\"\u001b[39m\n        \u001b[33mdata-overlay-explorer-experimental-mode\u001b[39m=\u001b[32m\"off\"\u001b[39m\n        \u001b[33mdata-overlay-explorer-view-mode\u001b[39m=\u001b[32m\"icons-m\"\u001b[39m\n        \u001b[33mstyle\u001b[39m=\u001b[32m\"--overlay-explorer-root-bg: var(--overlay-bg-shell); --overlay-explorer-content-bg: transparent; --overlay-explorer-sidebar-bg: var(--overlay-bg-sidebar); --overlay-explorer-sidebar-border: var(--overlay-border); --overlay-explorer-toolbar-bg: var(--overlay-bg-panel); --overlay-explorer-toolbar-border: var(--overlay-border); --overlay-explorer-toolbar-shadow: none; --overlay-explorer-omnibox-bg: var(--overlay-bg-input); --overlay-explorer-omnibox-border: var(--overlay-border-strong); --overlay-explorer-preview-bg: var(--overlay-bg-panel); --overlay-explorer-preview-header-bg: var(--overlay-bg-sidebar); --overlay-explorer-preview-border: var(--overlay-border); --overlay-explorer-status-bg: var(--overlay-bg-sidebar); --overlay-explorer-status-border: var(--overlay-border); --overlay-explorer-item-hover-bg: color-mix(in srgb, var(--overlay-text-primary) 4%, transparent); --overlay-explorer-item-hover-border: color-mix(in srgb, var(--overlay-border-strong) 80%, transparent); --overlay-explorer-item-selected-bg: var(--overlay-bg-selection); --overlay-explorer-item-selected-border: color-mix(in srgb, var(--overlay-accent) 28%, var(--overlay-border-strong)); --overlay-explorer-item-drop-bg: color-mix(in srgb, var(--overlay-accent) 10%, transparent); --overlay-explorer-item-drop-border: var(--overlay-border-strong); --overlay-explorer-item-focus-shadow: none; --overlay-explorer-input-bg: var(--overlay-bg-input); --overlay-explorer-input-border: var(--overlay-border-strong); --overlay-explorer-chip-bg: transparent; --overlay-explorer-chip-border: var(--overlay-border); --overlay-explorer-chip-active-bg: var(--overlay-bg-selection); --overlay-explorer-chip-active-border: color-mix(in srgb, var(--overlay-accent) 24%, var(--overlay-border-strong)); --overlay-explorer-chip-active-text: var(--overlay-text-primary); --overlay-explorer-toolbar-gap: 6px; --overlay-explorer-toolbar-padding: 6px 10px; --overlay-explorer-control-radius: 8px; --overlay-explorer-panel-radius: 10px; --overlay-explorer-chrome-inset: 0px; --overlay-explorer-hover-lift: 0px; --overlay-explorer-rail-width: 264px; --overlay-explorer-preview-width: 360px; --overlay-explorer-toolbar-font-size: 11px; --overlay-explorer-breadcrumb-font-size: 11px; --overlay-explorer-entry-title-size: 11px; --overlay-explorer-entry-meta-size: 10px; --overlay-explorer-status-font-size: 10px; --overlay-explorer-rail-eyebrow-size: 10px; --overlay-explorer-rail-title-size: 14px; --overlay-explorer-entry-title-weight: 500; --overlay-explorer-label-spacing: 0.04em; --overlay-explorer-modal-scrim: var(--overlay-bg-scrim); --overlay-explorer-modal-surface: var(--overlay-bg-panel); --overlay-explorer-modal-shadow: var(--overlay-shadow); --overlay-explorer-modal-border: var(--overlay-explorer-popup-border-width) solid var(--overlay-explorer-popup-border); --overlay-explorer-code-bg: var(--overlay-bg-terminal); --overlay-explorer-drag-preview-bg: var(--overlay-bg-card); --overlay-explorer-drag-preview-border: var(--overlay-border); --overlay-explorer-drag-preview-dot: var(--overlay-accent); --overlay-explorer-danger-soft-bg: color-mix(in srgb, var(--overlay-danger) 14%, transparent); --overlay-explorer-danger-soft-border: color-mix(in srgb, var(--overlay-danger) 34%, var(--overlay-border)); --overlay-explorer-danger-text: var(--overlay-danger); --overlay-explorer-ctx-menu-shadow: var(--overlay-shadow); --overlay-explorer-popup-border-width: thin; --overlay-explorer-popup-border: var(--overlay-border); --overlay-explorer-popup-bg: var(--overlay-bg-menu); --overlay-explorer-popup-max-height: min(27.5rem, calc(100vh - 1.5rem)); --overlay-explorer-preview-chooser-width: 20rem; --overlay-explorer-view-menu-max-width: min(26.25rem, calc(100vw - 1.5rem)); --overlay-explorer-popup-shadow: var(--overlay-shadow); --overlay-explorer-popup-item-hover-bg: var(--overlay-bg-card-hover); --overlay-explorer-popup-shadow-lg: var(--overlay-shadow); --overlay-explorer-hud-shadow: var(--overlay-shadow); --overlay-explorer-floating-hud-layer: 9996; --overlay-explorer-floating-menu-layer: 9997; --overlay-explorer-floating-context-layer: 9998; flex: 1 1 0%; display: flex; flex-direction: column; background: var(--overlay-explorer-root-bg); color: var(--overlay-text-primary); font-family: system-ui, sans-serif; position: relative; overflow: hidden;\"\u001b[39m\n      \u001b[36m>\u001b[39m\n        \u001b[36m<div\u001b[39m\n          \u001b[33mstyle\u001b[39m=\u001b[32m\"flex: 1 1 0%; display: flex; flex-direction: column; min-height: 0px; min-width: 0px; overflow: hidden;\"\u001b[39m\n        \u001b[36m>\u001b[39m\n          \u001b[36m<div\u001b[39m\n            \u001b[33mstyle\u001b[39m=\u001b[32m\"display: flex; flex-direction: column; min-width: 0px; flex-shrink: 0;\"\u001b[39m\n          \u001b[36m>\u001b[39m\n            \u001b[36m<div\u001b[39m\n              \u001b[33mdata-overlay-explorer-plane\u001b[39m=\u001b[32m\"toolbar\"\u001b[39m\n              \u001b[33mstyle\u001b[39m=\u001b[32m\"display: flex; flex-direction: column; gap: var(--overlay-explorer-toolbar-gap); padding: var(--overlay-explorer-toolbar-padding); background: var(--overlay-explorer-toolbar-bg); border-top-width: 0px; border-right-width: 0px; border-left-width: 0px; border-bottom-width: 1px; border-style: solid; border-color: var(--overlay-explorer-toolbar-border); border-radius: 0px; margin: 0px; box-shadow: none; backdrop-filter: none; flex-shrink: 0; isolation: isolate;\"\u001b[39m\n            \u001b[36m>\u001b[39m\n              \u001b[36m<div\u001b[39m\n                \u001b[33mstyle\u001b[39m=\u001b[32m\"display: flex; align-items: flex-start; gap: 8px; min-width: 0px; position: relative;\"\u001b[39m\n              \u001b[36m>\u001b[39m\n                \u001b[36m<div\u001b[39m\n                  \u001b[33mstyle\u001b[39m=\u001b[32m\"flex: 1 1 0%; min-width: 0px; display: flex; flex-direction: column;\"\u001b[39m\n                \u001b[36m>\u001b[39m\n                  \u001b[36m<div\u001b[39m\n                    \u001b[33mclass\u001b[39m=\u001b[32m\"explorer-chrome-surface\"\u001b[39m\n                    \u001b[33mdata-explorer-customize-surface-id\u001b[39m=\u001b[32m\"explorerToolbar\"\u001b[39m\n                    \u001b[33mdata-overlay-explorer-surface\u001b[39m=\u001b[32m\"explorerToolbar\"\u001b[39m\n                    \u001b[33mstyle\u001b[39m=\u001b[32m\"width: 100%; min-width: 0px; position: relative;\"\u001b[39m\n                  \u001b[36m>\u001b[39m\n                    \u001b[36m<div\u001b[39m\n                      \u001b[33mclass\u001b[39m=\u001b[32m\"explorer-chrome-surface__row overlay-scrollbar...\n    at Proxy.<anonymous> (file:///D:/GreebleFS/node_modules/@vitest/expect/dist/index.js:1314:15)\n    at Proxy.<anonymous> (file:///D:/GreebleFS/node_modules/@vitest/expect/dist/index.js:1151:15)\n    at Proxy.methodWrapper (file:///D:/GreebleFS/node_modules/chai/index.js:1700:25)\n    at D:/GreebleFS/src/test/fileExplorer.viewModes.test.tsx:6875:34\n    at runWithExpensiveErrorDiagnosticsDisabled (D:\\GreebleFS\\node_modules\\@testing-library\\dom\\dist\\config.js:47:12)\n    at checkCallback (D:\\GreebleFS\\node_modules\\@testing-library\\dom\\dist\\wait-for.js:124:77)\n    at Timeout.checkRealTimersCallback (D:\\GreebleFS\\node_modules\\@testing-library\\dom\\dist\\wait-for.js:118:16)\n    at listOnTimeout (node:internal/timers:588:17)\n    at processTimers (node:internal/timers:523:7)"],"meta":{},"tags":[]},{"ancestorTitles":["FileExplorer view modes"],"fullName":"FileExplorer view modes updates the preview while arrow navigation moves through row-based explorer views","status":"passed","title":"updates the preview while arrow navigation moves through row-based explorer views","duration":1588.2467999999935,"failureMessages":[],"meta":{},"tags":[]},{"ancestorTitles":["FileExplorer view modes"],"fullName":"FileExplorer view modes uses the icon-grid layout for left-right-up-down explorer navigation","status":"passed","title":"uses the icon-grid layout for left-right-up-down explorer navigation","duration":2029.8533999999927,"failureMessages":[],"meta":{},"tags":[]},{"ancestorTitles":["FileExplorer view modes"],"fullName":"FileExplorer view modes prompts for a collision policy before pasting over an existing name","status":"passed","title":"prompts for a collision policy before pasting over an existing name","duration":2557.6193000000203,"failureMessages":[],"meta":{},"tags":[]},{"ancestorTitles":["FileExplorer view modes"],"fullName":"FileExplorer view modes opens editable image previews in fullscreen preview mode and only enters edit tools on demand","status":"passed","title":"opens editable image previews in fullscreen preview mode and only enters edit tools on demand","duration":1722.2765999999829,"failureMessages":[],"meta":{},"tags":[]},{"ancestorTitles":["FileExplorer view modes"],"fullName":"FileExplorer view modes adapts preview-pane context-menu actions to the active image workflow tab","status":"passed","title":"adapts preview-pane context-menu actions to the active image workflow tab","duration":2011.534100000019,"failureMessages":[],"meta":{},"tags":[]},{"ancestorTitles":["FileExplorer view modes"],"fullName":"FileExplorer view modes lets plugin preview lanes claim files and register workflow tabs plus preview context actions","status":"passed","title":"lets plugin preview lanes claim files and register workflow tabs plus preview context actions","duration":2143.8824000000022,"failureMessages":[],"meta":{},"tags":[]},{"ancestorTitles":["FileExplorer view modes"],"fullName":"FileExplorer view modes lets child preview surfaces suppress the shared preview-pane context menu","status":"passed","title":"lets child preview surfaces suppress the shared preview-pane context menu","duration":1125.650800000003,"failureMessages":[],"meta":{},"tags":[]},{"ancestorTitles":["FileExplorer view modes"],"fullName":"FileExplorer view modes starts pointer-driven internal explorer drags without invoking the native drag bridge","status":"passed","title":"starts pointer-driven internal explorer drags without invoking the native drag bridge","duration":817.5524999999907,"failureMessages":[],"meta":{},"tags":[]},{"ancestorTitles":["FileExplorer view modes"],"fullName":"FileExplorer view modes moves multi-selected files into the hovered folder without leaking the drop to the viewport root","status":"passed","title":"moves multi-selected files into the hovered folder without leaking the drop to the viewport root","duration":1350.0033999999869,"failureMessages":[],"meta":{},"tags":[]},{"ancestorTitles":["FileExplorer view modes"],"fullName":"FileExplorer view modes drops into the current folder when hovering explorer chrome outside the main file plane","status":"passed","title":"drops into the current folder when hovering explorer chrome outside the main file plane","duration":929.5546000000031,"failureMessages":[],"meta":{},"tags":[]},{"ancestorTitles":["FileExplorer view modes"],"fullName":"FileExplorer view modes copies native external drops into the hovered folder via the Tauri drag-drop listener","status":"passed","title":"copies native external drops into the hovered folder via the Tauri drag-drop listener","duration":795.680400000012,"failureMessages":[],"meta":{},"tags":[]},{"ancestorTitles":["FileExplorer view modes"],"fullName":"FileExplorer view modes drops native external drags into the current folder when the pointer is over a file card","status":"passed","title":"drops native external drags into the current folder when the pointer is over a file card","duration":794.8706999999995,"failureMessages":[],"meta":{},"tags":[]},{"ancestorTitles":["FileExplorer view modes"],"fullName":"FileExplorer view modes starts the native drag bridge only when Alt is held for supported local entries","status":"passed","title":"starts the native drag bridge only when Alt is held for supported local entries","duration":529.0048999999999,"failureMessages":[],"meta":{},"tags":[]},{"ancestorTitles":["FileExplorer view modes"],"fullName":"FileExplorer view modes opens an in-app tag dialog and applies comma-separated tags to the current selection","status":"passed","title":"opens an in-app tag dialog and applies comma-separated tags to the current selection","duration":4051.3956999999937,"failureMessages":[],"meta":{},"tags":[]}],"startTime":1778039399247,"endTime":1778039640960.3958,"status":"failed","message":"","name":"D:/GreebleFS/src/test/fileExplorer.viewModes.test.tsx"}]}